#-----------------------------------------------------------
# Vivado v2018.2 (64-bit)
# SW Build 2258646 on Thu Jun 14 20:03:12 MDT 2018
# IP Build 2256618 on Thu Jun 14 22:10:49 MDT 2018
# Start of session at: Thu Apr 17 20:05:55 2025
# Process ID: 15608
# Current directory: E:/Study Folder/Engineering/Computer Engineering/Computer Systems/Architectures/Notes/Lab/Codes/RISC-V/Synthesis
# Command line: vivado.exe -gui_launcher_event rodinguilauncherevent13540 E:\Study Folder\Engineering\Computer Engineering\Computer Systems\Architectures\Notes\Lab\Codes\RISC-V\Synthesis\Synthesis.xpr
# Log file: E:/Study Folder/Engineering/Computer Engineering/Computer Systems/Architectures/Notes/Lab/Codes/RISC-V/Synthesis/vivado.log
# Journal file: E:/Study Folder/Engineering/Computer Engineering/Computer Systems/Architectures/Notes/Lab/Codes/RISC-V/Synthesis\vivado.jou
#-----------------------------------------------------------
start_gui
open_project {E:/Study Folder/Engineering/Computer Engineering/Computer Systems/Architectures/Notes/Lab/Codes/RISC-V/Synthesis/Synthesis.xpr}
INFO: [ProjectBase 1-489] The host OS only allows 260 characters in a normal path. The project is stored in a path with more than 80 characters. If you experience issues with IP, Block Designs, or files not being found, please consider moving the project to a location with a shorter path. Alternately consider using the OS subst command to map part of the path to a drive letter.
Current project path is 'E:/Study Folder/Engineering/Computer Engineering/Computer Systems/Architectures/Notes/Lab/Codes/RISC-V/Synthesis'
Scanning sources...
Finished scanning sources
INFO: [IP_Flow 19-234] Refreshing IP repositories
INFO: [IP_Flow 19-1704] No user IP repositories specified
INFO: [IP_Flow 19-2313] Loaded Vivado IP repository 'E:/Software/Xilinx/Vivado/2018.2/data/ip'.
open_project: Time (s): cpu = 00:00:15 ; elapsed = 00:00:07 . Memory (MB): peak = 948.711 ; gain = 215.203
update_compile_order -fileset sources_1
reset_run synth_1
launch_runs synth_1 -jobs 4
[Thu Apr 17 20:15:06 2025] Launched synth_1...
Run output will be captured here: E:/Study Folder/Engineering/Computer Engineering/Computer Systems/Architectures/Notes/Lab/Codes/RISC-V/Synthesis/Synthesis.runs/synth_1/runme.log
launch_runs impl_1 -jobs 4
[Thu Apr 17 20:16:24 2025] Launched impl_1...
Run output will be captured here: E:/Study Folder/Engineering/Computer Engineering/Computer Systems/Architectures/Notes/Lab/Codes/RISC-V/Synthesis/Synthesis.runs/impl_1/runme.log
synth_design -rtl -name rtl_1
Command: synth_design -rtl -name rtl_1
Starting synth_design
Using part: xc7a100tcsg324-1
Top: riscv
---------------------------------------------------------------------------------
Starting RTL Elaboration : Time (s): cpu = 00:00:03 ; elapsed = 00:00:02 . Memory (MB): peak = 1101.742 ; gain = 105.535
---------------------------------------------------------------------------------
INFO: [Synth 8-6157] synthesizing module 'riscv' [E:/Study Folder/Engineering/Computer Engineering/Computer Systems/Architectures/Notes/Lab/Codes/RISC-V/Synthesis/Synthesis.srcs/sources_1/imports/Modules/riscv.sv:1]
INFO: [Synth 8-6157] synthesizing module 'PC' [E:/Study Folder/Engineering/Computer Engineering/Computer Systems/Architectures/Notes/Lab/Codes/RISC-V/Synthesis/Synthesis.srcs/sources_1/imports/Modules/PC.sv:1]
INFO: [Synth 8-6155] done synthesizing module 'PC' (1#1) [E:/Study Folder/Engineering/Computer Engineering/Computer Systems/Architectures/Notes/Lab/Codes/RISC-V/Synthesis/Synthesis.srcs/sources_1/imports/Modules/PC.sv:1]
INFO: [Synth 8-6157] synthesizing module 'PC_Adder' [E:/Study Folder/Engineering/Computer Engineering/Computer Systems/Architectures/Notes/Lab/Codes/RISC-V/Synthesis/Synthesis.srcs/sources_1/imports/Modules/PC_Adder.sv:2]
INFO: [Synth 8-6155] done synthesizing module 'PC_Adder' (2#1) [E:/Study Folder/Engineering/Computer Engineering/Computer Systems/Architectures/Notes/Lab/Codes/RISC-V/Synthesis/Synthesis.srcs/sources_1/imports/Modules/PC_Adder.sv:2]
INFO: [Synth 8-6157] synthesizing module 'Instruction_memory' [E:/Study Folder/Engineering/Computer Engineering/Computer Systems/Architectures/Notes/Lab/Codes/RISC-V/Synthesis/Synthesis.srcs/sources_1/imports/Modules/Instruction_memory.sv:1]
INFO: [Synth 8-6155] done synthesizing module 'Instruction_memory' (3#1) [E:/Study Folder/Engineering/Computer Engineering/Computer Systems/Architectures/Notes/Lab/Codes/RISC-V/Synthesis/Synthesis.srcs/sources_1/imports/Modules/Instruction_memory.sv:1]
INFO: [Synth 8-6157] synthesizing module 'controller' [E:/Study Folder/Engineering/Computer Engineering/Computer Systems/Architectures/Notes/Lab/Codes/RISC-V/Synthesis/Synthesis.srcs/sources_1/imports/Modules/controller.sv:1]
WARNING: [Synth 8-87] always_comb on 'memtoreg_reg' did not result in combinational logic [E:/Study Folder/Engineering/Computer Engineering/Computer Systems/Architectures/Notes/Lab/Codes/RISC-V/Synthesis/Synthesis.srcs/sources_1/imports/Modules/controller.sv:10]
INFO: [Synth 8-6155] done synthesizing module 'controller' (4#1) [E:/Study Folder/Engineering/Computer Engineering/Computer Systems/Architectures/Notes/Lab/Codes/RISC-V/Synthesis/Synthesis.srcs/sources_1/imports/Modules/controller.sv:1]
INFO: [Synth 8-6157] synthesizing module 'Registers' [E:/Study Folder/Engineering/Computer Engineering/Computer Systems/Architectures/Notes/Lab/Codes/RISC-V/Synthesis/Synthesis.srcs/sources_1/imports/Modules/Registers.sv:1]
INFO: [Synth 8-6155] done synthesizing module 'Registers' (5#1) [E:/Study Folder/Engineering/Computer Engineering/Computer Systems/Architectures/Notes/Lab/Codes/RISC-V/Synthesis/Synthesis.srcs/sources_1/imports/Modules/Registers.sv:1]
INFO: [Synth 8-6157] synthesizing module 'imm_gen' [E:/Study Folder/Engineering/Computer Engineering/Computer Systems/Architectures/Notes/Lab/Codes/RISC-V/Synthesis/Synthesis.srcs/sources_1/imports/Modules/imm_gen.sv:2]
INFO: [Synth 8-6155] done synthesizing module 'imm_gen' (6#1) [E:/Study Folder/Engineering/Computer Engineering/Computer Systems/Architectures/Notes/Lab/Codes/RISC-V/Synthesis/Synthesis.srcs/sources_1/imports/Modules/imm_gen.sv:2]
INFO: [Synth 8-6157] synthesizing module 'ALU_Ctrl' [E:/Study Folder/Engineering/Computer Engineering/Computer Systems/Architectures/Notes/Lab/Codes/RISC-V/Synthesis/Synthesis.srcs/sources_1/imports/Modules/ALU_Ctrl.sv:1]
INFO: [Synth 8-6155] done synthesizing module 'ALU_Ctrl' (7#1) [E:/Study Folder/Engineering/Computer Engineering/Computer Systems/Architectures/Notes/Lab/Codes/RISC-V/Synthesis/Synthesis.srcs/sources_1/imports/Modules/ALU_Ctrl.sv:1]
INFO: [Synth 8-6157] synthesizing module 'Mux_2x1' [E:/Study Folder/Engineering/Computer Engineering/Computer Systems/Architectures/Notes/Lab/Codes/RISC-V/Synthesis/Synthesis.srcs/sources_1/imports/Modules/Mux_2x1.sv:2]
INFO: [Synth 8-6155] done synthesizing module 'Mux_2x1' (8#1) [E:/Study Folder/Engineering/Computer Engineering/Computer Systems/Architectures/Notes/Lab/Codes/RISC-V/Synthesis/Synthesis.srcs/sources_1/imports/Modules/Mux_2x1.sv:2]
INFO: [Synth 8-6157] synthesizing module 'ALU' [E:/Study Folder/Engineering/Computer Engineering/Computer Systems/Architectures/Notes/Lab/Codes/RISC-V/Synthesis/Synthesis.srcs/sources_1/imports/Modules/ALU.sv:2]
INFO: [Synth 8-6155] done synthesizing module 'ALU' (9#1) [E:/Study Folder/Engineering/Computer Engineering/Computer Systems/Architectures/Notes/Lab/Codes/RISC-V/Synthesis/Synthesis.srcs/sources_1/imports/Modules/ALU.sv:2]
INFO: [Synth 8-6157] synthesizing module 'Add' [E:/Study Folder/Engineering/Computer Engineering/Computer Systems/Architectures/Notes/Lab/Codes/RISC-V/Synthesis/Synthesis.srcs/sources_1/imports/Modules/Branch_Adder.sv:2]
INFO: [Synth 8-6155] done synthesizing module 'Add' (10#1) [E:/Study Folder/Engineering/Computer Engineering/Computer Systems/Architectures/Notes/Lab/Codes/RISC-V/Synthesis/Synthesis.srcs/sources_1/imports/Modules/Branch_Adder.sv:2]
INFO: [Synth 8-6157] synthesizing module 'Data_memory' [E:/Study Folder/Engineering/Computer Engineering/Computer Systems/Architectures/Notes/Lab/Codes/RISC-V/Synthesis/Synthesis.srcs/sources_1/imports/Modules/Data_memory.sv:2]
WARNING: [Synth 8-324] index 2 out of range [E:/Study Folder/Engineering/Computer Engineering/Computer Systems/Architectures/Notes/Lab/Codes/RISC-V/Synthesis/Synthesis.srcs/sources_1/imports/Modules/Data_memory.sv:16]
WARNING: [Synth 8-324] index 3 out of range [E:/Study Folder/Engineering/Computer Engineering/Computer Systems/Architectures/Notes/Lab/Codes/RISC-V/Synthesis/Synthesis.srcs/sources_1/imports/Modules/Data_memory.sv:16]
WARNING: [Synth 8-324] index 4 out of range [E:/Study Folder/Engineering/Computer Engineering/Computer Systems/Architectures/Notes/Lab/Codes/RISC-V/Synthesis/Synthesis.srcs/sources_1/imports/Modules/Data_memory.sv:16]
WARNING: [Synth 8-324] index 5 out of range [E:/Study Folder/Engineering/Computer Engineering/Computer Systems/Architectures/Notes/Lab/Codes/RISC-V/Synthesis/Synthesis.srcs/sources_1/imports/Modules/Data_memory.sv:16]
WARNING: [Synth 8-324] index 6 out of range [E:/Study Folder/Engineering/Computer Engineering/Computer Systems/Architectures/Notes/Lab/Codes/RISC-V/Synthesis/Synthesis.srcs/sources_1/imports/Modules/Data_memory.sv:16]
WARNING: [Synth 8-324] index 7 out of range [E:/Study Folder/Engineering/Computer Engineering/Computer Systems/Architectures/Notes/Lab/Codes/RISC-V/Synthesis/Synthesis.srcs/sources_1/imports/Modules/Data_memory.sv:16]
WARNING: [Synth 8-324] index 8 out of range [E:/Study Folder/Engineering/Computer Engineering/Computer Systems/Architectures/Notes/Lab/Codes/RISC-V/Synthesis/Synthesis.srcs/sources_1/imports/Modules/Data_memory.sv:16]
WARNING: [Synth 8-324] index 9 out of range [E:/Study Folder/Engineering/Computer Engineering/Computer Systems/Architectures/Notes/Lab/Codes/RISC-V/Synthesis/Synthesis.srcs/sources_1/imports/Modules/Data_memory.sv:16]
WARNING: [Synth 8-324] index 10 out of range [E:/Study Folder/Engineering/Computer Engineering/Computer Systems/Architectures/Notes/Lab/Codes/RISC-V/Synthesis/Synthesis.srcs/sources_1/imports/Modules/Data_memory.sv:16]
WARNING: [Synth 8-324] index 11 out of range [E:/Study Folder/Engineering/Computer Engineering/Computer Systems/Architectures/Notes/Lab/Codes/RISC-V/Synthesis/Synthesis.srcs/sources_1/imports/Modules/Data_memory.sv:16]
WARNING: [Synth 8-324] index 12 out of range [E:/Study Folder/Engineering/Computer Engineering/Computer Systems/Architectures/Notes/Lab/Codes/RISC-V/Synthesis/Synthesis.srcs/sources_1/imports/Modules/Data_memory.sv:16]
WARNING: [Synth 8-324] index 13 out of range [E:/Study Folder/Engineering/Computer Engineering/Computer Systems/Architectures/Notes/Lab/Codes/RISC-V/Synthesis/Synthesis.srcs/sources_1/imports/Modules/Data_memory.sv:16]
WARNING: [Synth 8-324] index 14 out of range [E:/Study Folder/Engineering/Computer Engineering/Computer Systems/Architectures/Notes/Lab/Codes/RISC-V/Synthesis/Synthesis.srcs/sources_1/imports/Modules/Data_memory.sv:16]
WARNING: [Synth 8-324] index 15 out of range [E:/Study Folder/Engineering/Computer Engineering/Computer Systems/Architectures/Notes/Lab/Codes/RISC-V/Synthesis/Synthesis.srcs/sources_1/imports/Modules/Data_memory.sv:16]
WARNING: [Synth 8-324] index 16 out of range [E:/Study Folder/Engineering/Computer Engineering/Computer Systems/Architectures/Notes/Lab/Codes/RISC-V/Synthesis/Synthesis.srcs/sources_1/imports/Modules/Data_memory.sv:16]
WARNING: [Synth 8-324] index 17 out of range [E:/Study Folder/Engineering/Computer Engineering/Computer Systems/Architectures/Notes/Lab/Codes/RISC-V/Synthesis/Synthesis.srcs/sources_1/imports/Modules/Data_memory.sv:16]
WARNING: [Synth 8-324] index 18 out of range [E:/Study Folder/Engineering/Computer Engineering/Computer Systems/Architectures/Notes/Lab/Codes/RISC-V/Synthesis/Synthesis.srcs/sources_1/imports/Modules/Data_memory.sv:16]
WARNING: [Synth 8-324] index 19 out of range [E:/Study Folder/Engineering/Computer Engineering/Computer Systems/Architectures/Notes/Lab/Codes/RISC-V/Synthesis/Synthesis.srcs/sources_1/imports/Modules/Data_memory.sv:16]
WARNING: [Synth 8-324] index 20 out of range [E:/Study Folder/Engineering/Computer Engineering/Computer Systems/Architectures/Notes/Lab/Codes/RISC-V/Synthesis/Synthesis.srcs/sources_1/imports/Modules/Data_memory.sv:16]
WARNING: [Synth 8-324] index 21 out of range [E:/Study Folder/Engineering/Computer Engineering/Computer Systems/Architectures/Notes/Lab/Codes/RISC-V/Synthesis/Synthesis.srcs/sources_1/imports/Modules/Data_memory.sv:16]
WARNING: [Synth 8-324] index 22 out of range [E:/Study Folder/Engineering/Computer Engineering/Computer Systems/Architectures/Notes/Lab/Codes/RISC-V/Synthesis/Synthesis.srcs/sources_1/imports/Modules/Data_memory.sv:16]
WARNING: [Synth 8-324] index 23 out of range [E:/Study Folder/Engineering/Computer Engineering/Computer Systems/Architectures/Notes/Lab/Codes/RISC-V/Synthesis/Synthesis.srcs/sources_1/imports/Modules/Data_memory.sv:16]
WARNING: [Synth 8-324] index 24 out of range [E:/Study Folder/Engineering/Computer Engineering/Computer Systems/Architectures/Notes/Lab/Codes/RISC-V/Synthesis/Synthesis.srcs/sources_1/imports/Modules/Data_memory.sv:16]
WARNING: [Synth 8-324] index 25 out of range [E:/Study Folder/Engineering/Computer Engineering/Computer Systems/Architectures/Notes/Lab/Codes/RISC-V/Synthesis/Synthesis.srcs/sources_1/imports/Modules/Data_memory.sv:16]
WARNING: [Synth 8-324] index 26 out of range [E:/Study Folder/Engineering/Computer Engineering/Computer Systems/Architectures/Notes/Lab/Codes/RISC-V/Synthesis/Synthesis.srcs/sources_1/imports/Modules/Data_memory.sv:16]
WARNING: [Synth 8-324] index 27 out of range [E:/Study Folder/Engineering/Computer Engineering/Computer Systems/Architectures/Notes/Lab/Codes/RISC-V/Synthesis/Synthesis.srcs/sources_1/imports/Modules/Data_memory.sv:16]
WARNING: [Synth 8-324] index 28 out of range [E:/Study Folder/Engineering/Computer Engineering/Computer Systems/Architectures/Notes/Lab/Codes/RISC-V/Synthesis/Synthesis.srcs/sources_1/imports/Modules/Data_memory.sv:16]
WARNING: [Synth 8-324] index 29 out of range [E:/Study Folder/Engineering/Computer Engineering/Computer Systems/Architectures/Notes/Lab/Codes/RISC-V/Synthesis/Synthesis.srcs/sources_1/imports/Modules/Data_memory.sv:16]
WARNING: [Synth 8-324] index 30 out of range [E:/Study Folder/Engineering/Computer Engineering/Computer Systems/Architectures/Notes/Lab/Codes/RISC-V/Synthesis/Synthesis.srcs/sources_1/imports/Modules/Data_memory.sv:16]
WARNING: [Synth 8-324] index 31 out of range [E:/Study Folder/Engineering/Computer Engineering/Computer Systems/Architectures/Notes/Lab/Codes/RISC-V/Synthesis/Synthesis.srcs/sources_1/imports/Modules/Data_memory.sv:16]
WARNING: [Synth 8-324] index 32 out of range [E:/Study Folder/Engineering/Computer Engineering/Computer Systems/Architectures/Notes/Lab/Codes/RISC-V/Synthesis/Synthesis.srcs/sources_1/imports/Modules/Data_memory.sv:16]
WARNING: [Synth 8-324] index 33 out of range [E:/Study Folder/Engineering/Computer Engineering/Computer Systems/Architectures/Notes/Lab/Codes/RISC-V/Synthesis/Synthesis.srcs/sources_1/imports/Modules/Data_memory.sv:16]
WARNING: [Synth 8-324] index 34 out of range [E:/Study Folder/Engineering/Computer Engineering/Computer Systems/Architectures/Notes/Lab/Codes/RISC-V/Synthesis/Synthesis.srcs/sources_1/imports/Modules/Data_memory.sv:16]
WARNING: [Synth 8-324] index 35 out of range [E:/Study Folder/Engineering/Computer Engineering/Computer Systems/Architectures/Notes/Lab/Codes/RISC-V/Synthesis/Synthesis.srcs/sources_1/imports/Modules/Data_memory.sv:16]
WARNING: [Synth 8-324] index 36 out of range [E:/Study Folder/Engineering/Computer Engineering/Computer Systems/Architectures/Notes/Lab/Codes/RISC-V/Synthesis/Synthesis.srcs/sources_1/imports/Modules/Data_memory.sv:16]
WARNING: [Synth 8-324] index 37 out of range [E:/Study Folder/Engineering/Computer Engineering/Computer Systems/Architectures/Notes/Lab/Codes/RISC-V/Synthesis/Synthesis.srcs/sources_1/imports/Modules/Data_memory.sv:16]
WARNING: [Synth 8-324] index 38 out of range [E:/Study Folder/Engineering/Computer Engineering/Computer Systems/Architectures/Notes/Lab/Codes/RISC-V/Synthesis/Synthesis.srcs/sources_1/imports/Modules/Data_memory.sv:16]
WARNING: [Synth 8-324] index 39 out of range [E:/Study Folder/Engineering/Computer Engineering/Computer Systems/Architectures/Notes/Lab/Codes/RISC-V/Synthesis/Synthesis.srcs/sources_1/imports/Modules/Data_memory.sv:16]
WARNING: [Synth 8-324] index 40 out of range [E:/Study Folder/Engineering/Computer Engineering/Computer Systems/Architectures/Notes/Lab/Codes/RISC-V/Synthesis/Synthesis.srcs/sources_1/imports/Modules/Data_memory.sv:16]
WARNING: [Synth 8-324] index 41 out of range [E:/Study Folder/Engineering/Computer Engineering/Computer Systems/Architectures/Notes/Lab/Codes/RISC-V/Synthesis/Synthesis.srcs/sources_1/imports/Modules/Data_memory.sv:16]
WARNING: [Synth 8-324] index 42 out of range [E:/Study Folder/Engineering/Computer Engineering/Computer Systems/Architectures/Notes/Lab/Codes/RISC-V/Synthesis/Synthesis.srcs/sources_1/imports/Modules/Data_memory.sv:16]
WARNING: [Synth 8-324] index 43 out of range [E:/Study Folder/Engineering/Computer Engineering/Computer Systems/Architectures/Notes/Lab/Codes/RISC-V/Synthesis/Synthesis.srcs/sources_1/imports/Modules/Data_memory.sv:16]
WARNING: [Synth 8-324] index 44 out of range [E:/Study Folder/Engineering/Computer Engineering/Computer Systems/Architectures/Notes/Lab/Codes/RISC-V/Synthesis/Synthesis.srcs/sources_1/imports/Modules/Data_memory.sv:16]
WARNING: [Synth 8-324] index 45 out of range [E:/Study Folder/Engineering/Computer Engineering/Computer Systems/Architectures/Notes/Lab/Codes/RISC-V/Synthesis/Synthesis.srcs/sources_1/imports/Modules/Data_memory.sv:16]
WARNING: [Synth 8-324] index 46 out of range [E:/Study Folder/Engineering/Computer Engineering/Computer Systems/Architectures/Notes/Lab/Codes/RISC-V/Synthesis/Synthesis.srcs/sources_1/imports/Modules/Data_memory.sv:16]
WARNING: [Synth 8-324] index 47 out of range [E:/Study Folder/Engineering/Computer Engineering/Computer Systems/Architectures/Notes/Lab/Codes/RISC-V/Synthesis/Synthesis.srcs/sources_1/imports/Modules/Data_memory.sv:16]
WARNING: [Synth 8-324] index 48 out of range [E:/Study Folder/Engineering/Computer Engineering/Computer Systems/Architectures/Notes/Lab/Codes/RISC-V/Synthesis/Synthesis.srcs/sources_1/imports/Modules/Data_memory.sv:16]
WARNING: [Synth 8-324] index 49 out of range [E:/Study Folder/Engineering/Computer Engineering/Computer Systems/Architectures/Notes/Lab/Codes/RISC-V/Synthesis/Synthesis.srcs/sources_1/imports/Modules/Data_memory.sv:16]
WARNING: [Synth 8-324] index 50 out of range [E:/Study Folder/Engineering/Computer Engineering/Computer Systems/Architectures/Notes/Lab/Codes/RISC-V/Synthesis/Synthesis.srcs/sources_1/imports/Modules/Data_memory.sv:16]
WARNING: [Synth 8-324] index 51 out of range [E:/Study Folder/Engineering/Computer Engineering/Computer Systems/Architectures/Notes/Lab/Codes/RISC-V/Synthesis/Synthesis.srcs/sources_1/imports/Modules/Data_memory.sv:16]
WARNING: [Synth 8-324] index 52 out of range [E:/Study Folder/Engineering/Computer Engineering/Computer Systems/Architectures/Notes/Lab/Codes/RISC-V/Synthesis/Synthesis.srcs/sources_1/imports/Modules/Data_memory.sv:16]
WARNING: [Synth 8-324] index 53 out of range [E:/Study Folder/Engineering/Computer Engineering/Computer Systems/Architectures/Notes/Lab/Codes/RISC-V/Synthesis/Synthesis.srcs/sources_1/imports/Modules/Data_memory.sv:16]
WARNING: [Synth 8-324] index 54 out of range [E:/Study Folder/Engineering/Computer Engineering/Computer Systems/Architectures/Notes/Lab/Codes/RISC-V/Synthesis/Synthesis.srcs/sources_1/imports/Modules/Data_memory.sv:16]
WARNING: [Synth 8-324] index 55 out of range [E:/Study Folder/Engineering/Computer Engineering/Computer Systems/Architectures/Notes/Lab/Codes/RISC-V/Synthesis/Synthesis.srcs/sources_1/imports/Modules/Data_memory.sv:16]
WARNING: [Synth 8-324] index 56 out of range [E:/Study Folder/Engineering/Computer Engineering/Computer Systems/Architectures/Notes/Lab/Codes/RISC-V/Synthesis/Synthesis.srcs/sources_1/imports/Modules/Data_memory.sv:16]
WARNING: [Synth 8-324] index 57 out of range [E:/Study Folder/Engineering/Computer Engineering/Computer Systems/Architectures/Notes/Lab/Codes/RISC-V/Synthesis/Synthesis.srcs/sources_1/imports/Modules/Data_memory.sv:16]
WARNING: [Synth 8-324] index 58 out of range [E:/Study Folder/Engineering/Computer Engineering/Computer Systems/Architectures/Notes/Lab/Codes/RISC-V/Synthesis/Synthesis.srcs/sources_1/imports/Modules/Data_memory.sv:16]
WARNING: [Synth 8-324] index 59 out of range [E:/Study Folder/Engineering/Computer Engineering/Computer Systems/Architectures/Notes/Lab/Codes/RISC-V/Synthesis/Synthesis.srcs/sources_1/imports/Modules/Data_memory.sv:16]
WARNING: [Synth 8-324] index 60 out of range [E:/Study Folder/Engineering/Computer Engineering/Computer Systems/Architectures/Notes/Lab/Codes/RISC-V/Synthesis/Synthesis.srcs/sources_1/imports/Modules/Data_memory.sv:16]
WARNING: [Synth 8-324] index 61 out of range [E:/Study Folder/Engineering/Computer Engineering/Computer Systems/Architectures/Notes/Lab/Codes/RISC-V/Synthesis/Synthesis.srcs/sources_1/imports/Modules/Data_memory.sv:16]
WARNING: [Synth 8-324] index 62 out of range [E:/Study Folder/Engineering/Computer Engineering/Computer Systems/Architectures/Notes/Lab/Codes/RISC-V/Synthesis/Synthesis.srcs/sources_1/imports/Modules/Data_memory.sv:16]
WARNING: [Synth 8-324] index 63 out of range [E:/Study Folder/Engineering/Computer Engineering/Computer Systems/Architectures/Notes/Lab/Codes/RISC-V/Synthesis/Synthesis.srcs/sources_1/imports/Modules/Data_memory.sv:16]
WARNING: [Synth 8-324] index 64 out of range [E:/Study Folder/Engineering/Computer Engineering/Computer Systems/Architectures/Notes/Lab/Codes/RISC-V/Synthesis/Synthesis.srcs/sources_1/imports/Modules/Data_memory.sv:16]
WARNING: [Synth 8-324] index 65 out of range [E:/Study Folder/Engineering/Computer Engineering/Computer Systems/Architectures/Notes/Lab/Codes/RISC-V/Synthesis/Synthesis.srcs/sources_1/imports/Modules/Data_memory.sv:16]
WARNING: [Synth 8-324] index 66 out of range [E:/Study Folder/Engineering/Computer Engineering/Computer Systems/Architectures/Notes/Lab/Codes/RISC-V/Synthesis/Synthesis.srcs/sources_1/imports/Modules/Data_memory.sv:16]
WARNING: [Synth 8-324] index 67 out of range [E:/Study Folder/Engineering/Computer Engineering/Computer Systems/Architectures/Notes/Lab/Codes/RISC-V/Synthesis/Synthesis.srcs/sources_1/imports/Modules/Data_memory.sv:16]
WARNING: [Synth 8-324] index 68 out of range [E:/Study Folder/Engineering/Computer Engineering/Computer Systems/Architectures/Notes/Lab/Codes/RISC-V/Synthesis/Synthesis.srcs/sources_1/imports/Modules/Data_memory.sv:16]
WARNING: [Synth 8-324] index 69 out of range [E:/Study Folder/Engineering/Computer Engineering/Computer Systems/Architectures/Notes/Lab/Codes/RISC-V/Synthesis/Synthesis.srcs/sources_1/imports/Modules/Data_memory.sv:16]
WARNING: [Synth 8-324] index 70 out of range [E:/Study Folder/Engineering/Computer Engineering/Computer Systems/Architectures/Notes/Lab/Codes/RISC-V/Synthesis/Synthesis.srcs/sources_1/imports/Modules/Data_memory.sv:16]
WARNING: [Synth 8-324] index 71 out of range [E:/Study Folder/Engineering/Computer Engineering/Computer Systems/Architectures/Notes/Lab/Codes/RISC-V/Synthesis/Synthesis.srcs/sources_1/imports/Modules/Data_memory.sv:16]
WARNING: [Synth 8-324] index 72 out of range [E:/Study Folder/Engineering/Computer Engineering/Computer Systems/Architectures/Notes/Lab/Codes/RISC-V/Synthesis/Synthesis.srcs/sources_1/imports/Modules/Data_memory.sv:16]
WARNING: [Synth 8-324] index 73 out of range [E:/Study Folder/Engineering/Computer Engineering/Computer Systems/Architectures/Notes/Lab/Codes/RISC-V/Synthesis/Synthesis.srcs/sources_1/imports/Modules/Data_memory.sv:16]
WARNING: [Synth 8-324] index 74 out of range [E:/Study Folder/Engineering/Computer Engineering/Computer Systems/Architectures/Notes/Lab/Codes/RISC-V/Synthesis/Synthesis.srcs/sources_1/imports/Modules/Data_memory.sv:16]
WARNING: [Synth 8-324] index 75 out of range [E:/Study Folder/Engineering/Computer Engineering/Computer Systems/Architectures/Notes/Lab/Codes/RISC-V/Synthesis/Synthesis.srcs/sources_1/imports/Modules/Data_memory.sv:16]
WARNING: [Synth 8-324] index 76 out of range [E:/Study Folder/Engineering/Computer Engineering/Computer Systems/Architectures/Notes/Lab/Codes/RISC-V/Synthesis/Synthesis.srcs/sources_1/imports/Modules/Data_memory.sv:16]
WARNING: [Synth 8-324] index 77 out of range [E:/Study Folder/Engineering/Computer Engineering/Computer Systems/Architectures/Notes/Lab/Codes/RISC-V/Synthesis/Synthesis.srcs/sources_1/imports/Modules/Data_memory.sv:16]
WARNING: [Synth 8-324] index 78 out of range [E:/Study Folder/Engineering/Computer Engineering/Computer Systems/Architectures/Notes/Lab/Codes/RISC-V/Synthesis/Synthesis.srcs/sources_1/imports/Modules/Data_memory.sv:16]
WARNING: [Synth 8-324] index 79 out of range [E:/Study Folder/Engineering/Computer Engineering/Computer Systems/Architectures/Notes/Lab/Codes/RISC-V/Synthesis/Synthesis.srcs/sources_1/imports/Modules/Data_memory.sv:16]
WARNING: [Synth 8-324] index 80 out of range [E:/Study Folder/Engineering/Computer Engineering/Computer Systems/Architectures/Notes/Lab/Codes/RISC-V/Synthesis/Synthesis.srcs/sources_1/imports/Modules/Data_memory.sv:16]
WARNING: [Synth 8-324] index 81 out of range [E:/Study Folder/Engineering/Computer Engineering/Computer Systems/Architectures/Notes/Lab/Codes/RISC-V/Synthesis/Synthesis.srcs/sources_1/imports/Modules/Data_memory.sv:16]
WARNING: [Synth 8-324] index 82 out of range [E:/Study Folder/Engineering/Computer Engineering/Computer Systems/Architectures/Notes/Lab/Codes/RISC-V/Synthesis/Synthesis.srcs/sources_1/imports/Modules/Data_memory.sv:16]
WARNING: [Synth 8-324] index 83 out of range [E:/Study Folder/Engineering/Computer Engineering/Computer Systems/Architectures/Notes/Lab/Codes/RISC-V/Synthesis/Synthesis.srcs/sources_1/imports/Modules/Data_memory.sv:16]
WARNING: [Synth 8-324] index 84 out of range [E:/Study Folder/Engineering/Computer Engineering/Computer Systems/Architectures/Notes/Lab/Codes/RISC-V/Synthesis/Synthesis.srcs/sources_1/imports/Modules/Data_memory.sv:16]
WARNING: [Synth 8-324] index 85 out of range [E:/Study Folder/Engineering/Computer Engineering/Computer Systems/Architectures/Notes/Lab/Codes/RISC-V/Synthesis/Synthesis.srcs/sources_1/imports/Modules/Data_memory.sv:16]
WARNING: [Synth 8-324] index 86 out of range [E:/Study Folder/Engineering/Computer Engineering/Computer Systems/Architectures/Notes/Lab/Codes/RISC-V/Synthesis/Synthesis.srcs/sources_1/imports/Modules/Data_memory.sv:16]
WARNING: [Synth 8-324] index 87 out of range [E:/Study Folder/Engineering/Computer Engineering/Computer Systems/Architectures/Notes/Lab/Codes/RISC-V/Synthesis/Synthesis.srcs/sources_1/imports/Modules/Data_memory.sv:16]
WARNING: [Synth 8-324] index 88 out of range [E:/Study Folder/Engineering/Computer Engineering/Computer Systems/Architectures/Notes/Lab/Codes/RISC-V/Synthesis/Synthesis.srcs/sources_1/imports/Modules/Data_memory.sv:16]
WARNING: [Synth 8-324] index 89 out of range [E:/Study Folder/Engineering/Computer Engineering/Computer Systems/Architectures/Notes/Lab/Codes/RISC-V/Synthesis/Synthesis.srcs/sources_1/imports/Modules/Data_memory.sv:16]
WARNING: [Synth 8-324] index 90 out of range [E:/Study Folder/Engineering/Computer Engineering/Computer Systems/Architectures/Notes/Lab/Codes/RISC-V/Synthesis/Synthesis.srcs/sources_1/imports/Modules/Data_memory.sv:16]
WARNING: [Synth 8-324] index 91 out of range [E:/Study Folder/Engineering/Computer Engineering/Computer Systems/Architectures/Notes/Lab/Codes/RISC-V/Synthesis/Synthesis.srcs/sources_1/imports/Modules/Data_memory.sv:16]
WARNING: [Synth 8-324] index 92 out of range [E:/Study Folder/Engineering/Computer Engineering/Computer Systems/Architectures/Notes/Lab/Codes/RISC-V/Synthesis/Synthesis.srcs/sources_1/imports/Modules/Data_memory.sv:16]
WARNING: [Synth 8-324] index 93 out of range [E:/Study Folder/Engineering/Computer Engineering/Computer Systems/Architectures/Notes/Lab/Codes/RISC-V/Synthesis/Synthesis.srcs/sources_1/imports/Modules/Data_memory.sv:16]
WARNING: [Synth 8-324] index 94 out of range [E:/Study Folder/Engineering/Computer Engineering/Computer Systems/Architectures/Notes/Lab/Codes/RISC-V/Synthesis/Synthesis.srcs/sources_1/imports/Modules/Data_memory.sv:16]
WARNING: [Synth 8-324] index 95 out of range [E:/Study Folder/Engineering/Computer Engineering/Computer Systems/Architectures/Notes/Lab/Codes/RISC-V/Synthesis/Synthesis.srcs/sources_1/imports/Modules/Data_memory.sv:16]
WARNING: [Synth 8-324] index 96 out of range [E:/Study Folder/Engineering/Computer Engineering/Computer Systems/Architectures/Notes/Lab/Codes/RISC-V/Synthesis/Synthesis.srcs/sources_1/imports/Modules/Data_memory.sv:16]
WARNING: [Synth 8-324] index 97 out of range [E:/Study Folder/Engineering/Computer Engineering/Computer Systems/Architectures/Notes/Lab/Codes/RISC-V/Synthesis/Synthesis.srcs/sources_1/imports/Modules/Data_memory.sv:16]
WARNING: [Synth 8-324] index 98 out of range [E:/Study Folder/Engineering/Computer Engineering/Computer Systems/Architectures/Notes/Lab/Codes/RISC-V/Synthesis/Synthesis.srcs/sources_1/imports/Modules/Data_memory.sv:16]
WARNING: [Synth 8-324] index 99 out of range [E:/Study Folder/Engineering/Computer Engineering/Computer Systems/Architectures/Notes/Lab/Codes/RISC-V/Synthesis/Synthesis.srcs/sources_1/imports/Modules/Data_memory.sv:16]
WARNING: [Synth 8-324] index 100 out of range [E:/Study Folder/Engineering/Computer Engineering/Computer Systems/Architectures/Notes/Lab/Codes/RISC-V/Synthesis/Synthesis.srcs/sources_1/imports/Modules/Data_memory.sv:16]
WARNING: [Synth 8-324] index 101 out of range [E:/Study Folder/Engineering/Computer Engineering/Computer Systems/Architectures/Notes/Lab/Codes/RISC-V/Synthesis/Synthesis.srcs/sources_1/imports/Modules/Data_memory.sv:16]
INFO: [Common 17-14] Message 'Synth 8-324' appears 100 times and further instances of the messages will be disabled. Use the Tcl command set_msg_config to change the current settings.
INFO: [Synth 8-6155] done synthesizing module 'Data_memory' (11#1) [E:/Study Folder/Engineering/Computer Engineering/Computer Systems/Architectures/Notes/Lab/Codes/RISC-V/Synthesis/Synthesis.srcs/sources_1/imports/Modules/Data_memory.sv:2]
INFO: [Synth 8-6157] synthesizing module 'SSD' [E:/Study Folder/Engineering/Computer Engineering/Computer Systems/Architectures/Notes/Lab/Codes/RISC-V/Synthesis/Synthesis.srcs/sources_1/imports/Modules/SSD.sv:1]
INFO: [Synth 8-6157] synthesizing module 'Comb' [E:/Study Folder/Engineering/Computer Engineering/Computer Systems/Architectures/Notes/Lab/Codes/RISC-V/Synthesis/Synthesis.srcs/sources_1/imports/Modules/SSD.sv:40]
INFO: [Synth 8-6155] done synthesizing module 'Comb' (12#1) [E:/Study Folder/Engineering/Computer Engineering/Computer Systems/Architectures/Notes/Lab/Codes/RISC-V/Synthesis/Synthesis.srcs/sources_1/imports/Modules/SSD.sv:40]
INFO: [Synth 8-6157] synthesizing module 'Mplex' [E:/Study Folder/Engineering/Computer Engineering/Computer Systems/Architectures/Notes/Lab/Codes/RISC-V/Synthesis/Synthesis.srcs/sources_1/imports/Modules/SSD.sv:56]
INFO: [Synth 8-6155] done synthesizing module 'Mplex' (13#1) [E:/Study Folder/Engineering/Computer Engineering/Computer Systems/Architectures/Notes/Lab/Codes/RISC-V/Synthesis/Synthesis.srcs/sources_1/imports/Modules/SSD.sv:56]
INFO: [Synth 8-6155] done synthesizing module 'SSD' (14#1) [E:/Study Folder/Engineering/Computer Engineering/Computer Systems/Architectures/Notes/Lab/Codes/RISC-V/Synthesis/Synthesis.srcs/sources_1/imports/Modules/SSD.sv:1]
WARNING: [Synth 8-689] width (32) of port connection 'x1' does not match port width (4) of module 'SSD' [E:/Study Folder/Engineering/Computer Engineering/Computer Systems/Architectures/Notes/Lab/Codes/RISC-V/Synthesis/Synthesis.srcs/sources_1/imports/Modules/riscv.sv:234]
WARNING: [Synth 8-689] width (32) of port connection 'x2' does not match port width (4) of module 'SSD' [E:/Study Folder/Engineering/Computer Engineering/Computer Systems/Architectures/Notes/Lab/Codes/RISC-V/Synthesis/Synthesis.srcs/sources_1/imports/Modules/riscv.sv:235]
WARNING: [Synth 8-689] width (32) of port connection 'x3' does not match port width (4) of module 'SSD' [E:/Study Folder/Engineering/Computer Engineering/Computer Systems/Architectures/Notes/Lab/Codes/RISC-V/Synthesis/Synthesis.srcs/sources_1/imports/Modules/riscv.sv:236]
WARNING: [Synth 8-689] width (32) of port connection 'm0' does not match port width (4) of module 'SSD' [E:/Study Folder/Engineering/Computer Engineering/Computer Systems/Architectures/Notes/Lab/Codes/RISC-V/Synthesis/Synthesis.srcs/sources_1/imports/Modules/riscv.sv:237]
WARNING: [Synth 8-689] width (4) of port connection 'Segout' does not match port width (3) of module 'SSD' [E:/Study Folder/Engineering/Computer Engineering/Computer Systems/Architectures/Notes/Lab/Codes/RISC-V/Synthesis/Synthesis.srcs/sources_1/imports/Modules/riscv.sv:240]
INFO: [Synth 8-6155] done synthesizing module 'riscv' (15#1) [E:/Study Folder/Engineering/Computer Engineering/Computer Systems/Architectures/Notes/Lab/Codes/RISC-V/Synthesis/Synthesis.srcs/sources_1/imports/Modules/riscv.sv:1]
WARNING: [Synth 8-3917] design riscv has port Segout[3] driven by constant 0
WARNING: [Synth 8-3331] design SSD has unconnected port reset_i
---------------------------------------------------------------------------------
Finished RTL Elaboration : Time (s): cpu = 00:00:03 ; elapsed = 00:00:03 . Memory (MB): peak = 1148.891 ; gain = 152.684
---------------------------------------------------------------------------------

Report Check Netlist: 
+------+------------------+-------+---------+-------+------------------+
|      |Item              |Errors |Warnings |Status |Description       |
+------+------------------+-------+---------+-------+------------------+
|1     |multi_driven_nets |      0|        0|Passed |Multi driven nets |
+------+------------------+-------+---------+-------+------------------+
---------------------------------------------------------------------------------
Start Handling Custom Attributes
---------------------------------------------------------------------------------
---------------------------------------------------------------------------------
Finished Handling Custom Attributes : Time (s): cpu = 00:00:04 ; elapsed = 00:00:03 . Memory (MB): peak = 1148.891 ; gain = 152.684
---------------------------------------------------------------------------------
---------------------------------------------------------------------------------
Finished RTL Optimization Phase 1 : Time (s): cpu = 00:00:04 ; elapsed = 00:00:03 . Memory (MB): peak = 1148.891 ; gain = 152.684
---------------------------------------------------------------------------------
INFO: [Device 21-403] Loading part xc7a100tcsg324-1
INFO: [Project 1-570] Preparing netlist for logic optimization
INFO: [Opt 31-141] Inserted 1 OBUFs to IO ports without IO buffers.

Processing XDC Constraints
Initializing timing engine
Parsing XDC File [E:/Study Folder/Engineering/Computer Engineering/Computer Systems/Architectures/Notes/Lab/Codes/RISC-V/Synthesis/Synthesis.srcs/constrs_1/new/IO_Map.xdc]
WARNING: [Vivado 12-584] No ports matched 'x1[31]'. [E:/Study Folder/Engineering/Computer Engineering/Computer Systems/Architectures/Notes/Lab/Codes/RISC-V/Synthesis/Synthesis.srcs/constrs_1/new/IO_Map.xdc:4]
CRITICAL WARNING: [Common 17-55] 'set_property' expects at least one object. [E:/Study Folder/Engineering/Computer Engineering/Computer Systems/Architectures/Notes/Lab/Codes/RISC-V/Synthesis/Synthesis.srcs/constrs_1/new/IO_Map.xdc:4]
Resolution: If [get_<value>] was used to populate the object, check to make sure this command returns at least one valid object.
WARNING: [Vivado 12-584] No ports matched 'x1[30]'. [E:/Study Folder/Engineering/Computer Engineering/Computer Systems/Architectures/Notes/Lab/Codes/RISC-V/Synthesis/Synthesis.srcs/constrs_1/new/IO_Map.xdc:5]
CRITICAL WARNING: [Common 17-55] 'set_property' expects at least one object. [E:/Study Folder/Engineering/Computer Engineering/Computer Systems/Architectures/Notes/Lab/Codes/RISC-V/Synthesis/Synthesis.srcs/constrs_1/new/IO_Map.xdc:5]
Resolution: If [get_<value>] was used to populate the object, check to make sure this command returns at least one valid object.
WARNING: [Vivado 12-584] No ports matched 'x1[29]'. [E:/Study Folder/Engineering/Computer Engineering/Computer Systems/Architectures/Notes/Lab/Codes/RISC-V/Synthesis/Synthesis.srcs/constrs_1/new/IO_Map.xdc:6]
CRITICAL WARNING: [Common 17-55] 'set_property' expects at least one object. [E:/Study Folder/Engineering/Computer Engineering/Computer Systems/Architectures/Notes/Lab/Codes/RISC-V/Synthesis/Synthesis.srcs/constrs_1/new/IO_Map.xdc:6]
Resolution: If [get_<value>] was used to populate the object, check to make sure this command returns at least one valid object.
WARNING: [Vivado 12-584] No ports matched 'x1[28]'. [E:/Study Folder/Engineering/Computer Engineering/Computer Systems/Architectures/Notes/Lab/Codes/RISC-V/Synthesis/Synthesis.srcs/constrs_1/new/IO_Map.xdc:7]
CRITICAL WARNING: [Common 17-55] 'set_property' expects at least one object. [E:/Study Folder/Engineering/Computer Engineering/Computer Systems/Architectures/Notes/Lab/Codes/RISC-V/Synthesis/Synthesis.srcs/constrs_1/new/IO_Map.xdc:7]
Resolution: If [get_<value>] was used to populate the object, check to make sure this command returns at least one valid object.
WARNING: [Vivado 12-584] No ports matched 'x1[27]'. [E:/Study Folder/Engineering/Computer Engineering/Computer Systems/Architectures/Notes/Lab/Codes/RISC-V/Synthesis/Synthesis.srcs/constrs_1/new/IO_Map.xdc:8]
CRITICAL WARNING: [Common 17-55] 'set_property' expects at least one object. [E:/Study Folder/Engineering/Computer Engineering/Computer Systems/Architectures/Notes/Lab/Codes/RISC-V/Synthesis/Synthesis.srcs/constrs_1/new/IO_Map.xdc:8]
Resolution: If [get_<value>] was used to populate the object, check to make sure this command returns at least one valid object.
WARNING: [Vivado 12-584] No ports matched 'x1[26]'. [E:/Study Folder/Engineering/Computer Engineering/Computer Systems/Architectures/Notes/Lab/Codes/RISC-V/Synthesis/Synthesis.srcs/constrs_1/new/IO_Map.xdc:9]
CRITICAL WARNING: [Common 17-55] 'set_property' expects at least one object. [E:/Study Folder/Engineering/Computer Engineering/Computer Systems/Architectures/Notes/Lab/Codes/RISC-V/Synthesis/Synthesis.srcs/constrs_1/new/IO_Map.xdc:9]
Resolution: If [get_<value>] was used to populate the object, check to make sure this command returns at least one valid object.
WARNING: [Vivado 12-584] No ports matched 'x1[25]'. [E:/Study Folder/Engineering/Computer Engineering/Computer Systems/Architectures/Notes/Lab/Codes/RISC-V/Synthesis/Synthesis.srcs/constrs_1/new/IO_Map.xdc:10]
CRITICAL WARNING: [Common 17-55] 'set_property' expects at least one object. [E:/Study Folder/Engineering/Computer Engineering/Computer Systems/Architectures/Notes/Lab/Codes/RISC-V/Synthesis/Synthesis.srcs/constrs_1/new/IO_Map.xdc:10]
Resolution: If [get_<value>] was used to populate the object, check to make sure this command returns at least one valid object.
WARNING: [Vivado 12-584] No ports matched 'x1[24]'. [E:/Study Folder/Engineering/Computer Engineering/Computer Systems/Architectures/Notes/Lab/Codes/RISC-V/Synthesis/Synthesis.srcs/constrs_1/new/IO_Map.xdc:11]
CRITICAL WARNING: [Common 17-55] 'set_property' expects at least one object. [E:/Study Folder/Engineering/Computer Engineering/Computer Systems/Architectures/Notes/Lab/Codes/RISC-V/Synthesis/Synthesis.srcs/constrs_1/new/IO_Map.xdc:11]
Resolution: If [get_<value>] was used to populate the object, check to make sure this command returns at least one valid object.
WARNING: [Vivado 12-584] No ports matched 'x1[23]'. [E:/Study Folder/Engineering/Computer Engineering/Computer Systems/Architectures/Notes/Lab/Codes/RISC-V/Synthesis/Synthesis.srcs/constrs_1/new/IO_Map.xdc:12]
CRITICAL WARNING: [Common 17-55] 'set_property' expects at least one object. [E:/Study Folder/Engineering/Computer Engineering/Computer Systems/Architectures/Notes/Lab/Codes/RISC-V/Synthesis/Synthesis.srcs/constrs_1/new/IO_Map.xdc:12]
Resolution: If [get_<value>] was used to populate the object, check to make sure this command returns at least one valid object.
WARNING: [Vivado 12-584] No ports matched 'x1[22]'. [E:/Study Folder/Engineering/Computer Engineering/Computer Systems/Architectures/Notes/Lab/Codes/RISC-V/Synthesis/Synthesis.srcs/constrs_1/new/IO_Map.xdc:13]
CRITICAL WARNING: [Common 17-55] 'set_property' expects at least one object. [E:/Study Folder/Engineering/Computer Engineering/Computer Systems/Architectures/Notes/Lab/Codes/RISC-V/Synthesis/Synthesis.srcs/constrs_1/new/IO_Map.xdc:13]
Resolution: If [get_<value>] was used to populate the object, check to make sure this command returns at least one valid object.
WARNING: [Vivado 12-584] No ports matched 'x1[21]'. [E:/Study Folder/Engineering/Computer Engineering/Computer Systems/Architectures/Notes/Lab/Codes/RISC-V/Synthesis/Synthesis.srcs/constrs_1/new/IO_Map.xdc:14]
CRITICAL WARNING: [Common 17-55] 'set_property' expects at least one object. [E:/Study Folder/Engineering/Computer Engineering/Computer Systems/Architectures/Notes/Lab/Codes/RISC-V/Synthesis/Synthesis.srcs/constrs_1/new/IO_Map.xdc:14]
Resolution: If [get_<value>] was used to populate the object, check to make sure this command returns at least one valid object.
WARNING: [Vivado 12-584] No ports matched 'x1[20]'. [E:/Study Folder/Engineering/Computer Engineering/Computer Systems/Architectures/Notes/Lab/Codes/RISC-V/Synthesis/Synthesis.srcs/constrs_1/new/IO_Map.xdc:15]
CRITICAL WARNING: [Common 17-55] 'set_property' expects at least one object. [E:/Study Folder/Engineering/Computer Engineering/Computer Systems/Architectures/Notes/Lab/Codes/RISC-V/Synthesis/Synthesis.srcs/constrs_1/new/IO_Map.xdc:15]
Resolution: If [get_<value>] was used to populate the object, check to make sure this command returns at least one valid object.
WARNING: [Vivado 12-584] No ports matched 'x1[19]'. [E:/Study Folder/Engineering/Computer Engineering/Computer Systems/Architectures/Notes/Lab/Codes/RISC-V/Synthesis/Synthesis.srcs/constrs_1/new/IO_Map.xdc:16]
CRITICAL WARNING: [Common 17-55] 'set_property' expects at least one object. [E:/Study Folder/Engineering/Computer Engineering/Computer Systems/Architectures/Notes/Lab/Codes/RISC-V/Synthesis/Synthesis.srcs/constrs_1/new/IO_Map.xdc:16]
Resolution: If [get_<value>] was used to populate the object, check to make sure this command returns at least one valid object.
WARNING: [Vivado 12-584] No ports matched 'x1[18]'. [E:/Study Folder/Engineering/Computer Engineering/Computer Systems/Architectures/Notes/Lab/Codes/RISC-V/Synthesis/Synthesis.srcs/constrs_1/new/IO_Map.xdc:17]
CRITICAL WARNING: [Common 17-55] 'set_property' expects at least one object. [E:/Study Folder/Engineering/Computer Engineering/Computer Systems/Architectures/Notes/Lab/Codes/RISC-V/Synthesis/Synthesis.srcs/constrs_1/new/IO_Map.xdc:17]
Resolution: If [get_<value>] was used to populate the object, check to make sure this command returns at least one valid object.
WARNING: [Vivado 12-584] No ports matched 'x1[17]'. [E:/Study Folder/Engineering/Computer Engineering/Computer Systems/Architectures/Notes/Lab/Codes/RISC-V/Synthesis/Synthesis.srcs/constrs_1/new/IO_Map.xdc:18]
CRITICAL WARNING: [Common 17-55] 'set_property' expects at least one object. [E:/Study Folder/Engineering/Computer Engineering/Computer Systems/Architectures/Notes/Lab/Codes/RISC-V/Synthesis/Synthesis.srcs/constrs_1/new/IO_Map.xdc:18]
Resolution: If [get_<value>] was used to populate the object, check to make sure this command returns at least one valid object.
WARNING: [Vivado 12-584] No ports matched 'x1[16]'. [E:/Study Folder/Engineering/Computer Engineering/Computer Systems/Architectures/Notes/Lab/Codes/RISC-V/Synthesis/Synthesis.srcs/constrs_1/new/IO_Map.xdc:19]
CRITICAL WARNING: [Common 17-55] 'set_property' expects at least one object. [E:/Study Folder/Engineering/Computer Engineering/Computer Systems/Architectures/Notes/Lab/Codes/RISC-V/Synthesis/Synthesis.srcs/constrs_1/new/IO_Map.xdc:19]
Resolution: If [get_<value>] was used to populate the object, check to make sure this command returns at least one valid object.
WARNING: [Vivado 12-584] No ports matched 'x1[15]'. [E:/Study Folder/Engineering/Computer Engineering/Computer Systems/Architectures/Notes/Lab/Codes/RISC-V/Synthesis/Synthesis.srcs/constrs_1/new/IO_Map.xdc:20]
CRITICAL WARNING: [Common 17-55] 'set_property' expects at least one object. [E:/Study Folder/Engineering/Computer Engineering/Computer Systems/Architectures/Notes/Lab/Codes/RISC-V/Synthesis/Synthesis.srcs/constrs_1/new/IO_Map.xdc:20]
Resolution: If [get_<value>] was used to populate the object, check to make sure this command returns at least one valid object.
WARNING: [Vivado 12-584] No ports matched 'x1[14]'. [E:/Study Folder/Engineering/Computer Engineering/Computer Systems/Architectures/Notes/Lab/Codes/RISC-V/Synthesis/Synthesis.srcs/constrs_1/new/IO_Map.xdc:21]
CRITICAL WARNING: [Common 17-55] 'set_property' expects at least one object. [E:/Study Folder/Engineering/Computer Engineering/Computer Systems/Architectures/Notes/Lab/Codes/RISC-V/Synthesis/Synthesis.srcs/constrs_1/new/IO_Map.xdc:21]
Resolution: If [get_<value>] was used to populate the object, check to make sure this command returns at least one valid object.
WARNING: [Vivado 12-584] No ports matched 'x1[13]'. [E:/Study Folder/Engineering/Computer Engineering/Computer Systems/Architectures/Notes/Lab/Codes/RISC-V/Synthesis/Synthesis.srcs/constrs_1/new/IO_Map.xdc:22]
CRITICAL WARNING: [Common 17-55] 'set_property' expects at least one object. [E:/Study Folder/Engineering/Computer Engineering/Computer Systems/Architectures/Notes/Lab/Codes/RISC-V/Synthesis/Synthesis.srcs/constrs_1/new/IO_Map.xdc:22]
Resolution: If [get_<value>] was used to populate the object, check to make sure this command returns at least one valid object.
WARNING: [Vivado 12-584] No ports matched 'x1[12]'. [E:/Study Folder/Engineering/Computer Engineering/Computer Systems/Architectures/Notes/Lab/Codes/RISC-V/Synthesis/Synthesis.srcs/constrs_1/new/IO_Map.xdc:23]
CRITICAL WARNING: [Common 17-55] 'set_property' expects at least one object. [E:/Study Folder/Engineering/Computer Engineering/Computer Systems/Architectures/Notes/Lab/Codes/RISC-V/Synthesis/Synthesis.srcs/constrs_1/new/IO_Map.xdc:23]
Resolution: If [get_<value>] was used to populate the object, check to make sure this command returns at least one valid object.
WARNING: [Vivado 12-584] No ports matched 'x1[11]'. [E:/Study Folder/Engineering/Computer Engineering/Computer Systems/Architectures/Notes/Lab/Codes/RISC-V/Synthesis/Synthesis.srcs/constrs_1/new/IO_Map.xdc:24]
CRITICAL WARNING: [Common 17-55] 'set_property' expects at least one object. [E:/Study Folder/Engineering/Computer Engineering/Computer Systems/Architectures/Notes/Lab/Codes/RISC-V/Synthesis/Synthesis.srcs/constrs_1/new/IO_Map.xdc:24]
Resolution: If [get_<value>] was used to populate the object, check to make sure this command returns at least one valid object.
WARNING: [Vivado 12-584] No ports matched 'x1[10]'. [E:/Study Folder/Engineering/Computer Engineering/Computer Systems/Architectures/Notes/Lab/Codes/RISC-V/Synthesis/Synthesis.srcs/constrs_1/new/IO_Map.xdc:25]
CRITICAL WARNING: [Common 17-55] 'set_property' expects at least one object. [E:/Study Folder/Engineering/Computer Engineering/Computer Systems/Architectures/Notes/Lab/Codes/RISC-V/Synthesis/Synthesis.srcs/constrs_1/new/IO_Map.xdc:25]
Resolution: If [get_<value>] was used to populate the object, check to make sure this command returns at least one valid object.
WARNING: [Vivado 12-584] No ports matched 'x1[9]'. [E:/Study Folder/Engineering/Computer Engineering/Computer Systems/Architectures/Notes/Lab/Codes/RISC-V/Synthesis/Synthesis.srcs/constrs_1/new/IO_Map.xdc:26]
CRITICAL WARNING: [Common 17-55] 'set_property' expects at least one object. [E:/Study Folder/Engineering/Computer Engineering/Computer Systems/Architectures/Notes/Lab/Codes/RISC-V/Synthesis/Synthesis.srcs/constrs_1/new/IO_Map.xdc:26]
Resolution: If [get_<value>] was used to populate the object, check to make sure this command returns at least one valid object.
WARNING: [Vivado 12-584] No ports matched 'x1[8]'. [E:/Study Folder/Engineering/Computer Engineering/Computer Systems/Architectures/Notes/Lab/Codes/RISC-V/Synthesis/Synthesis.srcs/constrs_1/new/IO_Map.xdc:27]
CRITICAL WARNING: [Common 17-55] 'set_property' expects at least one object. [E:/Study Folder/Engineering/Computer Engineering/Computer Systems/Architectures/Notes/Lab/Codes/RISC-V/Synthesis/Synthesis.srcs/constrs_1/new/IO_Map.xdc:27]
Resolution: If [get_<value>] was used to populate the object, check to make sure this command returns at least one valid object.
WARNING: [Vivado 12-584] No ports matched 'x1[7]'. [E:/Study Folder/Engineering/Computer Engineering/Computer Systems/Architectures/Notes/Lab/Codes/RISC-V/Synthesis/Synthesis.srcs/constrs_1/new/IO_Map.xdc:28]
CRITICAL WARNING: [Common 17-55] 'set_property' expects at least one object. [E:/Study Folder/Engineering/Computer Engineering/Computer Systems/Architectures/Notes/Lab/Codes/RISC-V/Synthesis/Synthesis.srcs/constrs_1/new/IO_Map.xdc:28]
Resolution: If [get_<value>] was used to populate the object, check to make sure this command returns at least one valid object.
WARNING: [Vivado 12-584] No ports matched 'x1[6]'. [E:/Study Folder/Engineering/Computer Engineering/Computer Systems/Architectures/Notes/Lab/Codes/RISC-V/Synthesis/Synthesis.srcs/constrs_1/new/IO_Map.xdc:29]
CRITICAL WARNING: [Common 17-55] 'set_property' expects at least one object. [E:/Study Folder/Engineering/Computer Engineering/Computer Systems/Architectures/Notes/Lab/Codes/RISC-V/Synthesis/Synthesis.srcs/constrs_1/new/IO_Map.xdc:29]
Resolution: If [get_<value>] was used to populate the object, check to make sure this command returns at least one valid object.
WARNING: [Vivado 12-584] No ports matched 'x1[5]'. [E:/Study Folder/Engineering/Computer Engineering/Computer Systems/Architectures/Notes/Lab/Codes/RISC-V/Synthesis/Synthesis.srcs/constrs_1/new/IO_Map.xdc:30]
CRITICAL WARNING: [Common 17-55] 'set_property' expects at least one object. [E:/Study Folder/Engineering/Computer Engineering/Computer Systems/Architectures/Notes/Lab/Codes/RISC-V/Synthesis/Synthesis.srcs/constrs_1/new/IO_Map.xdc:30]
Resolution: If [get_<value>] was used to populate the object, check to make sure this command returns at least one valid object.
WARNING: [Vivado 12-584] No ports matched 'x1[4]'. [E:/Study Folder/Engineering/Computer Engineering/Computer Systems/Architectures/Notes/Lab/Codes/RISC-V/Synthesis/Synthesis.srcs/constrs_1/new/IO_Map.xdc:31]
CRITICAL WARNING: [Common 17-55] 'set_property' expects at least one object. [E:/Study Folder/Engineering/Computer Engineering/Computer Systems/Architectures/Notes/Lab/Codes/RISC-V/Synthesis/Synthesis.srcs/constrs_1/new/IO_Map.xdc:31]
Resolution: If [get_<value>] was used to populate the object, check to make sure this command returns at least one valid object.
WARNING: [Vivado 12-584] No ports matched 'x1[3]'. [E:/Study Folder/Engineering/Computer Engineering/Computer Systems/Architectures/Notes/Lab/Codes/RISC-V/Synthesis/Synthesis.srcs/constrs_1/new/IO_Map.xdc:32]
CRITICAL WARNING: [Common 17-55] 'set_property' expects at least one object. [E:/Study Folder/Engineering/Computer Engineering/Computer Systems/Architectures/Notes/Lab/Codes/RISC-V/Synthesis/Synthesis.srcs/constrs_1/new/IO_Map.xdc:32]
Resolution: If [get_<value>] was used to populate the object, check to make sure this command returns at least one valid object.
WARNING: [Vivado 12-584] No ports matched 'x1[2]'. [E:/Study Folder/Engineering/Computer Engineering/Computer Systems/Architectures/Notes/Lab/Codes/RISC-V/Synthesis/Synthesis.srcs/constrs_1/new/IO_Map.xdc:33]
CRITICAL WARNING: [Common 17-55] 'set_property' expects at least one object. [E:/Study Folder/Engineering/Computer Engineering/Computer Systems/Architectures/Notes/Lab/Codes/RISC-V/Synthesis/Synthesis.srcs/constrs_1/new/IO_Map.xdc:33]
Resolution: If [get_<value>] was used to populate the object, check to make sure this command returns at least one valid object.
WARNING: [Vivado 12-584] No ports matched 'x1[1]'. [E:/Study Folder/Engineering/Computer Engineering/Computer Systems/Architectures/Notes/Lab/Codes/RISC-V/Synthesis/Synthesis.srcs/constrs_1/new/IO_Map.xdc:34]
CRITICAL WARNING: [Common 17-55] 'set_property' expects at least one object. [E:/Study Folder/Engineering/Computer Engineering/Computer Systems/Architectures/Notes/Lab/Codes/RISC-V/Synthesis/Synthesis.srcs/constrs_1/new/IO_Map.xdc:34]
Resolution: If [get_<value>] was used to populate the object, check to make sure this command returns at least one valid object.
WARNING: [Vivado 12-584] No ports matched 'x1[0]'. [E:/Study Folder/Engineering/Computer Engineering/Computer Systems/Architectures/Notes/Lab/Codes/RISC-V/Synthesis/Synthesis.srcs/constrs_1/new/IO_Map.xdc:35]
CRITICAL WARNING: [Common 17-55] 'set_property' expects at least one object. [E:/Study Folder/Engineering/Computer Engineering/Computer Systems/Architectures/Notes/Lab/Codes/RISC-V/Synthesis/Synthesis.srcs/constrs_1/new/IO_Map.xdc:35]
Resolution: If [get_<value>] was used to populate the object, check to make sure this command returns at least one valid object.
WARNING: [Vivado 12-584] No ports matched 'x10[31]'. [E:/Study Folder/Engineering/Computer Engineering/Computer Systems/Architectures/Notes/Lab/Codes/RISC-V/Synthesis/Synthesis.srcs/constrs_1/new/IO_Map.xdc:36]
CRITICAL WARNING: [Common 17-55] 'set_property' expects at least one object. [E:/Study Folder/Engineering/Computer Engineering/Computer Systems/Architectures/Notes/Lab/Codes/RISC-V/Synthesis/Synthesis.srcs/constrs_1/new/IO_Map.xdc:36]
Resolution: If [get_<value>] was used to populate the object, check to make sure this command returns at least one valid object.
WARNING: [Vivado 12-584] No ports matched 'x10[30]'. [E:/Study Folder/Engineering/Computer Engineering/Computer Systems/Architectures/Notes/Lab/Codes/RISC-V/Synthesis/Synthesis.srcs/constrs_1/new/IO_Map.xdc:37]
CRITICAL WARNING: [Common 17-55] 'set_property' expects at least one object. [E:/Study Folder/Engineering/Computer Engineering/Computer Systems/Architectures/Notes/Lab/Codes/RISC-V/Synthesis/Synthesis.srcs/constrs_1/new/IO_Map.xdc:37]
Resolution: If [get_<value>] was used to populate the object, check to make sure this command returns at least one valid object.
WARNING: [Vivado 12-584] No ports matched 'x10[29]'. [E:/Study Folder/Engineering/Computer Engineering/Computer Systems/Architectures/Notes/Lab/Codes/RISC-V/Synthesis/Synthesis.srcs/constrs_1/new/IO_Map.xdc:38]
CRITICAL WARNING: [Common 17-55] 'set_property' expects at least one object. [E:/Study Folder/Engineering/Computer Engineering/Computer Systems/Architectures/Notes/Lab/Codes/RISC-V/Synthesis/Synthesis.srcs/constrs_1/new/IO_Map.xdc:38]
Resolution: If [get_<value>] was used to populate the object, check to make sure this command returns at least one valid object.
WARNING: [Vivado 12-584] No ports matched 'x10[28]'. [E:/Study Folder/Engineering/Computer Engineering/Computer Systems/Architectures/Notes/Lab/Codes/RISC-V/Synthesis/Synthesis.srcs/constrs_1/new/IO_Map.xdc:39]
CRITICAL WARNING: [Common 17-55] 'set_property' expects at least one object. [E:/Study Folder/Engineering/Computer Engineering/Computer Systems/Architectures/Notes/Lab/Codes/RISC-V/Synthesis/Synthesis.srcs/constrs_1/new/IO_Map.xdc:39]
Resolution: If [get_<value>] was used to populate the object, check to make sure this command returns at least one valid object.
WARNING: [Vivado 12-584] No ports matched 'x10[27]'. [E:/Study Folder/Engineering/Computer Engineering/Computer Systems/Architectures/Notes/Lab/Codes/RISC-V/Synthesis/Synthesis.srcs/constrs_1/new/IO_Map.xdc:40]
CRITICAL WARNING: [Common 17-55] 'set_property' expects at least one object. [E:/Study Folder/Engineering/Computer Engineering/Computer Systems/Architectures/Notes/Lab/Codes/RISC-V/Synthesis/Synthesis.srcs/constrs_1/new/IO_Map.xdc:40]
Resolution: If [get_<value>] was used to populate the object, check to make sure this command returns at least one valid object.
WARNING: [Vivado 12-584] No ports matched 'x10[26]'. [E:/Study Folder/Engineering/Computer Engineering/Computer Systems/Architectures/Notes/Lab/Codes/RISC-V/Synthesis/Synthesis.srcs/constrs_1/new/IO_Map.xdc:41]
CRITICAL WARNING: [Common 17-55] 'set_property' expects at least one object. [E:/Study Folder/Engineering/Computer Engineering/Computer Systems/Architectures/Notes/Lab/Codes/RISC-V/Synthesis/Synthesis.srcs/constrs_1/new/IO_Map.xdc:41]
Resolution: If [get_<value>] was used to populate the object, check to make sure this command returns at least one valid object.
WARNING: [Vivado 12-584] No ports matched 'x10[25]'. [E:/Study Folder/Engineering/Computer Engineering/Computer Systems/Architectures/Notes/Lab/Codes/RISC-V/Synthesis/Synthesis.srcs/constrs_1/new/IO_Map.xdc:42]
CRITICAL WARNING: [Common 17-55] 'set_property' expects at least one object. [E:/Study Folder/Engineering/Computer Engineering/Computer Systems/Architectures/Notes/Lab/Codes/RISC-V/Synthesis/Synthesis.srcs/constrs_1/new/IO_Map.xdc:42]
Resolution: If [get_<value>] was used to populate the object, check to make sure this command returns at least one valid object.
WARNING: [Vivado 12-584] No ports matched 'x10[24]'. [E:/Study Folder/Engineering/Computer Engineering/Computer Systems/Architectures/Notes/Lab/Codes/RISC-V/Synthesis/Synthesis.srcs/constrs_1/new/IO_Map.xdc:43]
CRITICAL WARNING: [Common 17-55] 'set_property' expects at least one object. [E:/Study Folder/Engineering/Computer Engineering/Computer Systems/Architectures/Notes/Lab/Codes/RISC-V/Synthesis/Synthesis.srcs/constrs_1/new/IO_Map.xdc:43]
Resolution: If [get_<value>] was used to populate the object, check to make sure this command returns at least one valid object.
WARNING: [Vivado 12-584] No ports matched 'x10[23]'. [E:/Study Folder/Engineering/Computer Engineering/Computer Systems/Architectures/Notes/Lab/Codes/RISC-V/Synthesis/Synthesis.srcs/constrs_1/new/IO_Map.xdc:44]
CRITICAL WARNING: [Common 17-55] 'set_property' expects at least one object. [E:/Study Folder/Engineering/Computer Engineering/Computer Systems/Architectures/Notes/Lab/Codes/RISC-V/Synthesis/Synthesis.srcs/constrs_1/new/IO_Map.xdc:44]
Resolution: If [get_<value>] was used to populate the object, check to make sure this command returns at least one valid object.
WARNING: [Vivado 12-584] No ports matched 'x10[22]'. [E:/Study Folder/Engineering/Computer Engineering/Computer Systems/Architectures/Notes/Lab/Codes/RISC-V/Synthesis/Synthesis.srcs/constrs_1/new/IO_Map.xdc:45]
CRITICAL WARNING: [Common 17-55] 'set_property' expects at least one object. [E:/Study Folder/Engineering/Computer Engineering/Computer Systems/Architectures/Notes/Lab/Codes/RISC-V/Synthesis/Synthesis.srcs/constrs_1/new/IO_Map.xdc:45]
Resolution: If [get_<value>] was used to populate the object, check to make sure this command returns at least one valid object.
WARNING: [Vivado 12-584] No ports matched 'x10[21]'. [E:/Study Folder/Engineering/Computer Engineering/Computer Systems/Architectures/Notes/Lab/Codes/RISC-V/Synthesis/Synthesis.srcs/constrs_1/new/IO_Map.xdc:46]
CRITICAL WARNING: [Common 17-55] 'set_property' expects at least one object. [E:/Study Folder/Engineering/Computer Engineering/Computer Systems/Architectures/Notes/Lab/Codes/RISC-V/Synthesis/Synthesis.srcs/constrs_1/new/IO_Map.xdc:46]
Resolution: If [get_<value>] was used to populate the object, check to make sure this command returns at least one valid object.
WARNING: [Vivado 12-584] No ports matched 'x10[20]'. [E:/Study Folder/Engineering/Computer Engineering/Computer Systems/Architectures/Notes/Lab/Codes/RISC-V/Synthesis/Synthesis.srcs/constrs_1/new/IO_Map.xdc:47]
CRITICAL WARNING: [Common 17-55] 'set_property' expects at least one object. [E:/Study Folder/Engineering/Computer Engineering/Computer Systems/Architectures/Notes/Lab/Codes/RISC-V/Synthesis/Synthesis.srcs/constrs_1/new/IO_Map.xdc:47]
Resolution: If [get_<value>] was used to populate the object, check to make sure this command returns at least one valid object.
WARNING: [Vivado 12-584] No ports matched 'x10[19]'. [E:/Study Folder/Engineering/Computer Engineering/Computer Systems/Architectures/Notes/Lab/Codes/RISC-V/Synthesis/Synthesis.srcs/constrs_1/new/IO_Map.xdc:48]
CRITICAL WARNING: [Common 17-55] 'set_property' expects at least one object. [E:/Study Folder/Engineering/Computer Engineering/Computer Systems/Architectures/Notes/Lab/Codes/RISC-V/Synthesis/Synthesis.srcs/constrs_1/new/IO_Map.xdc:48]
Resolution: If [get_<value>] was used to populate the object, check to make sure this command returns at least one valid object.
WARNING: [Vivado 12-584] No ports matched 'x10[18]'. [E:/Study Folder/Engineering/Computer Engineering/Computer Systems/Architectures/Notes/Lab/Codes/RISC-V/Synthesis/Synthesis.srcs/constrs_1/new/IO_Map.xdc:49]
CRITICAL WARNING: [Common 17-55] 'set_property' expects at least one object. [E:/Study Folder/Engineering/Computer Engineering/Computer Systems/Architectures/Notes/Lab/Codes/RISC-V/Synthesis/Synthesis.srcs/constrs_1/new/IO_Map.xdc:49]
Resolution: If [get_<value>] was used to populate the object, check to make sure this command returns at least one valid object.
WARNING: [Vivado 12-584] No ports matched 'x10[17]'. [E:/Study Folder/Engineering/Computer Engineering/Computer Systems/Architectures/Notes/Lab/Codes/RISC-V/Synthesis/Synthesis.srcs/constrs_1/new/IO_Map.xdc:50]
CRITICAL WARNING: [Common 17-55] 'set_property' expects at least one object. [E:/Study Folder/Engineering/Computer Engineering/Computer Systems/Architectures/Notes/Lab/Codes/RISC-V/Synthesis/Synthesis.srcs/constrs_1/new/IO_Map.xdc:50]
Resolution: If [get_<value>] was used to populate the object, check to make sure this command returns at least one valid object.
WARNING: [Vivado 12-584] No ports matched 'x10[16]'. [E:/Study Folder/Engineering/Computer Engineering/Computer Systems/Architectures/Notes/Lab/Codes/RISC-V/Synthesis/Synthesis.srcs/constrs_1/new/IO_Map.xdc:51]
CRITICAL WARNING: [Common 17-55] 'set_property' expects at least one object. [E:/Study Folder/Engineering/Computer Engineering/Computer Systems/Architectures/Notes/Lab/Codes/RISC-V/Synthesis/Synthesis.srcs/constrs_1/new/IO_Map.xdc:51]
Resolution: If [get_<value>] was used to populate the object, check to make sure this command returns at least one valid object.
WARNING: [Vivado 12-584] No ports matched 'x10[15]'. [E:/Study Folder/Engineering/Computer Engineering/Computer Systems/Architectures/Notes/Lab/Codes/RISC-V/Synthesis/Synthesis.srcs/constrs_1/new/IO_Map.xdc:52]
CRITICAL WARNING: [Common 17-55] 'set_property' expects at least one object. [E:/Study Folder/Engineering/Computer Engineering/Computer Systems/Architectures/Notes/Lab/Codes/RISC-V/Synthesis/Synthesis.srcs/constrs_1/new/IO_Map.xdc:52]
Resolution: If [get_<value>] was used to populate the object, check to make sure this command returns at least one valid object.
WARNING: [Vivado 12-584] No ports matched 'x10[14]'. [E:/Study Folder/Engineering/Computer Engineering/Computer Systems/Architectures/Notes/Lab/Codes/RISC-V/Synthesis/Synthesis.srcs/constrs_1/new/IO_Map.xdc:53]
CRITICAL WARNING: [Common 17-55] 'set_property' expects at least one object. [E:/Study Folder/Engineering/Computer Engineering/Computer Systems/Architectures/Notes/Lab/Codes/RISC-V/Synthesis/Synthesis.srcs/constrs_1/new/IO_Map.xdc:53]
Resolution: If [get_<value>] was used to populate the object, check to make sure this command returns at least one valid object.
WARNING: [Vivado 12-584] No ports matched 'x10[13]'. [E:/Study Folder/Engineering/Computer Engineering/Computer Systems/Architectures/Notes/Lab/Codes/RISC-V/Synthesis/Synthesis.srcs/constrs_1/new/IO_Map.xdc:54]
CRITICAL WARNING: [Common 17-55] 'set_property' expects at least one object. [E:/Study Folder/Engineering/Computer Engineering/Computer Systems/Architectures/Notes/Lab/Codes/RISC-V/Synthesis/Synthesis.srcs/constrs_1/new/IO_Map.xdc:54]
Resolution: If [get_<value>] was used to populate the object, check to make sure this command returns at least one valid object.
WARNING: [Vivado 12-584] No ports matched 'x10[12]'. [E:/Study Folder/Engineering/Computer Engineering/Computer Systems/Architectures/Notes/Lab/Codes/RISC-V/Synthesis/Synthesis.srcs/constrs_1/new/IO_Map.xdc:55]
CRITICAL WARNING: [Common 17-55] 'set_property' expects at least one object. [E:/Study Folder/Engineering/Computer Engineering/Computer Systems/Architectures/Notes/Lab/Codes/RISC-V/Synthesis/Synthesis.srcs/constrs_1/new/IO_Map.xdc:55]
Resolution: If [get_<value>] was used to populate the object, check to make sure this command returns at least one valid object.
WARNING: [Vivado 12-584] No ports matched 'x10[11]'. [E:/Study Folder/Engineering/Computer Engineering/Computer Systems/Architectures/Notes/Lab/Codes/RISC-V/Synthesis/Synthesis.srcs/constrs_1/new/IO_Map.xdc:56]
CRITICAL WARNING: [Common 17-55] 'set_property' expects at least one object. [E:/Study Folder/Engineering/Computer Engineering/Computer Systems/Architectures/Notes/Lab/Codes/RISC-V/Synthesis/Synthesis.srcs/constrs_1/new/IO_Map.xdc:56]
Resolution: If [get_<value>] was used to populate the object, check to make sure this command returns at least one valid object.
WARNING: [Vivado 12-584] No ports matched 'x10[10]'. [E:/Study Folder/Engineering/Computer Engineering/Computer Systems/Architectures/Notes/Lab/Codes/RISC-V/Synthesis/Synthesis.srcs/constrs_1/new/IO_Map.xdc:57]
CRITICAL WARNING: [Common 17-55] 'set_property' expects at least one object. [E:/Study Folder/Engineering/Computer Engineering/Computer Systems/Architectures/Notes/Lab/Codes/RISC-V/Synthesis/Synthesis.srcs/constrs_1/new/IO_Map.xdc:57]
Resolution: If [get_<value>] was used to populate the object, check to make sure this command returns at least one valid object.
WARNING: [Vivado 12-584] No ports matched 'x10[9]'. [E:/Study Folder/Engineering/Computer Engineering/Computer Systems/Architectures/Notes/Lab/Codes/RISC-V/Synthesis/Synthesis.srcs/constrs_1/new/IO_Map.xdc:58]
CRITICAL WARNING: [Common 17-55] 'set_property' expects at least one object. [E:/Study Folder/Engineering/Computer Engineering/Computer Systems/Architectures/Notes/Lab/Codes/RISC-V/Synthesis/Synthesis.srcs/constrs_1/new/IO_Map.xdc:58]
Resolution: If [get_<value>] was used to populate the object, check to make sure this command returns at least one valid object.
WARNING: [Vivado 12-584] No ports matched 'x10[8]'. [E:/Study Folder/Engineering/Computer Engineering/Computer Systems/Architectures/Notes/Lab/Codes/RISC-V/Synthesis/Synthesis.srcs/constrs_1/new/IO_Map.xdc:59]
CRITICAL WARNING: [Common 17-55] 'set_property' expects at least one object. [E:/Study Folder/Engineering/Computer Engineering/Computer Systems/Architectures/Notes/Lab/Codes/RISC-V/Synthesis/Synthesis.srcs/constrs_1/new/IO_Map.xdc:59]
Resolution: If [get_<value>] was used to populate the object, check to make sure this command returns at least one valid object.
WARNING: [Vivado 12-584] No ports matched 'x10[7]'. [E:/Study Folder/Engineering/Computer Engineering/Computer Systems/Architectures/Notes/Lab/Codes/RISC-V/Synthesis/Synthesis.srcs/constrs_1/new/IO_Map.xdc:60]
CRITICAL WARNING: [Common 17-55] 'set_property' expects at least one object. [E:/Study Folder/Engineering/Computer Engineering/Computer Systems/Architectures/Notes/Lab/Codes/RISC-V/Synthesis/Synthesis.srcs/constrs_1/new/IO_Map.xdc:60]
Resolution: If [get_<value>] was used to populate the object, check to make sure this command returns at least one valid object.
WARNING: [Vivado 12-584] No ports matched 'x10[6]'. [E:/Study Folder/Engineering/Computer Engineering/Computer Systems/Architectures/Notes/Lab/Codes/RISC-V/Synthesis/Synthesis.srcs/constrs_1/new/IO_Map.xdc:61]
CRITICAL WARNING: [Common 17-55] 'set_property' expects at least one object. [E:/Study Folder/Engineering/Computer Engineering/Computer Systems/Architectures/Notes/Lab/Codes/RISC-V/Synthesis/Synthesis.srcs/constrs_1/new/IO_Map.xdc:61]
Resolution: If [get_<value>] was used to populate the object, check to make sure this command returns at least one valid object.
WARNING: [Vivado 12-584] No ports matched 'x10[5]'. [E:/Study Folder/Engineering/Computer Engineering/Computer Systems/Architectures/Notes/Lab/Codes/RISC-V/Synthesis/Synthesis.srcs/constrs_1/new/IO_Map.xdc:62]
CRITICAL WARNING: [Common 17-55] 'set_property' expects at least one object. [E:/Study Folder/Engineering/Computer Engineering/Computer Systems/Architectures/Notes/Lab/Codes/RISC-V/Synthesis/Synthesis.srcs/constrs_1/new/IO_Map.xdc:62]
Resolution: If [get_<value>] was used to populate the object, check to make sure this command returns at least one valid object.
WARNING: [Vivado 12-584] No ports matched 'x10[4]'. [E:/Study Folder/Engineering/Computer Engineering/Computer Systems/Architectures/Notes/Lab/Codes/RISC-V/Synthesis/Synthesis.srcs/constrs_1/new/IO_Map.xdc:63]
CRITICAL WARNING: [Common 17-55] 'set_property' expects at least one object. [E:/Study Folder/Engineering/Computer Engineering/Computer Systems/Architectures/Notes/Lab/Codes/RISC-V/Synthesis/Synthesis.srcs/constrs_1/new/IO_Map.xdc:63]
Resolution: If [get_<value>] was used to populate the object, check to make sure this command returns at least one valid object.
WARNING: [Vivado 12-584] No ports matched 'x10[3]'. [E:/Study Folder/Engineering/Computer Engineering/Computer Systems/Architectures/Notes/Lab/Codes/RISC-V/Synthesis/Synthesis.srcs/constrs_1/new/IO_Map.xdc:64]
CRITICAL WARNING: [Common 17-55] 'set_property' expects at least one object. [E:/Study Folder/Engineering/Computer Engineering/Computer Systems/Architectures/Notes/Lab/Codes/RISC-V/Synthesis/Synthesis.srcs/constrs_1/new/IO_Map.xdc:64]
Resolution: If [get_<value>] was used to populate the object, check to make sure this command returns at least one valid object.
WARNING: [Vivado 12-584] No ports matched 'x10[2]'. [E:/Study Folder/Engineering/Computer Engineering/Computer Systems/Architectures/Notes/Lab/Codes/RISC-V/Synthesis/Synthesis.srcs/constrs_1/new/IO_Map.xdc:65]
CRITICAL WARNING: [Common 17-55] 'set_property' expects at least one object. [E:/Study Folder/Engineering/Computer Engineering/Computer Systems/Architectures/Notes/Lab/Codes/RISC-V/Synthesis/Synthesis.srcs/constrs_1/new/IO_Map.xdc:65]
Resolution: If [get_<value>] was used to populate the object, check to make sure this command returns at least one valid object.
WARNING: [Vivado 12-584] No ports matched 'x10[1]'. [E:/Study Folder/Engineering/Computer Engineering/Computer Systems/Architectures/Notes/Lab/Codes/RISC-V/Synthesis/Synthesis.srcs/constrs_1/new/IO_Map.xdc:66]
CRITICAL WARNING: [Common 17-55] 'set_property' expects at least one object. [E:/Study Folder/Engineering/Computer Engineering/Computer Systems/Architectures/Notes/Lab/Codes/RISC-V/Synthesis/Synthesis.srcs/constrs_1/new/IO_Map.xdc:66]
Resolution: If [get_<value>] was used to populate the object, check to make sure this command returns at least one valid object.
WARNING: [Vivado 12-584] No ports matched 'x10[0]'. [E:/Study Folder/Engineering/Computer Engineering/Computer Systems/Architectures/Notes/Lab/Codes/RISC-V/Synthesis/Synthesis.srcs/constrs_1/new/IO_Map.xdc:67]
CRITICAL WARNING: [Common 17-55] 'set_property' expects at least one object. [E:/Study Folder/Engineering/Computer Engineering/Computer Systems/Architectures/Notes/Lab/Codes/RISC-V/Synthesis/Synthesis.srcs/constrs_1/new/IO_Map.xdc:67]
Resolution: If [get_<value>] was used to populate the object, check to make sure this command returns at least one valid object.
WARNING: [Vivado 12-584] No ports matched 'x31[31]'. [E:/Study Folder/Engineering/Computer Engineering/Computer Systems/Architectures/Notes/Lab/Codes/RISC-V/Synthesis/Synthesis.srcs/constrs_1/new/IO_Map.xdc:68]
CRITICAL WARNING: [Common 17-55] 'set_property' expects at least one object. [E:/Study Folder/Engineering/Computer Engineering/Computer Systems/Architectures/Notes/Lab/Codes/RISC-V/Synthesis/Synthesis.srcs/constrs_1/new/IO_Map.xdc:68]
Resolution: If [get_<value>] was used to populate the object, check to make sure this command returns at least one valid object.
WARNING: [Vivado 12-584] No ports matched 'x31[30]'. [E:/Study Folder/Engineering/Computer Engineering/Computer Systems/Architectures/Notes/Lab/Codes/RISC-V/Synthesis/Synthesis.srcs/constrs_1/new/IO_Map.xdc:69]
CRITICAL WARNING: [Common 17-55] 'set_property' expects at least one object. [E:/Study Folder/Engineering/Computer Engineering/Computer Systems/Architectures/Notes/Lab/Codes/RISC-V/Synthesis/Synthesis.srcs/constrs_1/new/IO_Map.xdc:69]
Resolution: If [get_<value>] was used to populate the object, check to make sure this command returns at least one valid object.
WARNING: [Vivado 12-584] No ports matched 'x31[29]'. [E:/Study Folder/Engineering/Computer Engineering/Computer Systems/Architectures/Notes/Lab/Codes/RISC-V/Synthesis/Synthesis.srcs/constrs_1/new/IO_Map.xdc:70]
CRITICAL WARNING: [Common 17-55] 'set_property' expects at least one object. [E:/Study Folder/Engineering/Computer Engineering/Computer Systems/Architectures/Notes/Lab/Codes/RISC-V/Synthesis/Synthesis.srcs/constrs_1/new/IO_Map.xdc:70]
Resolution: If [get_<value>] was used to populate the object, check to make sure this command returns at least one valid object.
WARNING: [Vivado 12-584] No ports matched 'x31[28]'. [E:/Study Folder/Engineering/Computer Engineering/Computer Systems/Architectures/Notes/Lab/Codes/RISC-V/Synthesis/Synthesis.srcs/constrs_1/new/IO_Map.xdc:71]
CRITICAL WARNING: [Common 17-55] 'set_property' expects at least one object. [E:/Study Folder/Engineering/Computer Engineering/Computer Systems/Architectures/Notes/Lab/Codes/RISC-V/Synthesis/Synthesis.srcs/constrs_1/new/IO_Map.xdc:71]
Resolution: If [get_<value>] was used to populate the object, check to make sure this command returns at least one valid object.
WARNING: [Vivado 12-584] No ports matched 'x31[27]'. [E:/Study Folder/Engineering/Computer Engineering/Computer Systems/Architectures/Notes/Lab/Codes/RISC-V/Synthesis/Synthesis.srcs/constrs_1/new/IO_Map.xdc:72]
CRITICAL WARNING: [Common 17-55] 'set_property' expects at least one object. [E:/Study Folder/Engineering/Computer Engineering/Computer Systems/Architectures/Notes/Lab/Codes/RISC-V/Synthesis/Synthesis.srcs/constrs_1/new/IO_Map.xdc:72]
Resolution: If [get_<value>] was used to populate the object, check to make sure this command returns at least one valid object.
WARNING: [Vivado 12-584] No ports matched 'x31[26]'. [E:/Study Folder/Engineering/Computer Engineering/Computer Systems/Architectures/Notes/Lab/Codes/RISC-V/Synthesis/Synthesis.srcs/constrs_1/new/IO_Map.xdc:73]
CRITICAL WARNING: [Common 17-55] 'set_property' expects at least one object. [E:/Study Folder/Engineering/Computer Engineering/Computer Systems/Architectures/Notes/Lab/Codes/RISC-V/Synthesis/Synthesis.srcs/constrs_1/new/IO_Map.xdc:73]
Resolution: If [get_<value>] was used to populate the object, check to make sure this command returns at least one valid object.
WARNING: [Vivado 12-584] No ports matched 'x31[25]'. [E:/Study Folder/Engineering/Computer Engineering/Computer Systems/Architectures/Notes/Lab/Codes/RISC-V/Synthesis/Synthesis.srcs/constrs_1/new/IO_Map.xdc:74]
CRITICAL WARNING: [Common 17-55] 'set_property' expects at least one object. [E:/Study Folder/Engineering/Computer Engineering/Computer Systems/Architectures/Notes/Lab/Codes/RISC-V/Synthesis/Synthesis.srcs/constrs_1/new/IO_Map.xdc:74]
Resolution: If [get_<value>] was used to populate the object, check to make sure this command returns at least one valid object.
WARNING: [Vivado 12-584] No ports matched 'x31[24]'. [E:/Study Folder/Engineering/Computer Engineering/Computer Systems/Architectures/Notes/Lab/Codes/RISC-V/Synthesis/Synthesis.srcs/constrs_1/new/IO_Map.xdc:75]
CRITICAL WARNING: [Common 17-55] 'set_property' expects at least one object. [E:/Study Folder/Engineering/Computer Engineering/Computer Systems/Architectures/Notes/Lab/Codes/RISC-V/Synthesis/Synthesis.srcs/constrs_1/new/IO_Map.xdc:75]
Resolution: If [get_<value>] was used to populate the object, check to make sure this command returns at least one valid object.
WARNING: [Vivado 12-584] No ports matched 'x31[23]'. [E:/Study Folder/Engineering/Computer Engineering/Computer Systems/Architectures/Notes/Lab/Codes/RISC-V/Synthesis/Synthesis.srcs/constrs_1/new/IO_Map.xdc:76]
CRITICAL WARNING: [Common 17-55] 'set_property' expects at least one object. [E:/Study Folder/Engineering/Computer Engineering/Computer Systems/Architectures/Notes/Lab/Codes/RISC-V/Synthesis/Synthesis.srcs/constrs_1/new/IO_Map.xdc:76]
Resolution: If [get_<value>] was used to populate the object, check to make sure this command returns at least one valid object.
WARNING: [Vivado 12-584] No ports matched 'x31[22]'. [E:/Study Folder/Engineering/Computer Engineering/Computer Systems/Architectures/Notes/Lab/Codes/RISC-V/Synthesis/Synthesis.srcs/constrs_1/new/IO_Map.xdc:77]
CRITICAL WARNING: [Common 17-55] 'set_property' expects at least one object. [E:/Study Folder/Engineering/Computer Engineering/Computer Systems/Architectures/Notes/Lab/Codes/RISC-V/Synthesis/Synthesis.srcs/constrs_1/new/IO_Map.xdc:77]
Resolution: If [get_<value>] was used to populate the object, check to make sure this command returns at least one valid object.
WARNING: [Vivado 12-584] No ports matched 'x31[21]'. [E:/Study Folder/Engineering/Computer Engineering/Computer Systems/Architectures/Notes/Lab/Codes/RISC-V/Synthesis/Synthesis.srcs/constrs_1/new/IO_Map.xdc:78]
CRITICAL WARNING: [Common 17-55] 'set_property' expects at least one object. [E:/Study Folder/Engineering/Computer Engineering/Computer Systems/Architectures/Notes/Lab/Codes/RISC-V/Synthesis/Synthesis.srcs/constrs_1/new/IO_Map.xdc:78]
Resolution: If [get_<value>] was used to populate the object, check to make sure this command returns at least one valid object.
WARNING: [Vivado 12-584] No ports matched 'x31[20]'. [E:/Study Folder/Engineering/Computer Engineering/Computer Systems/Architectures/Notes/Lab/Codes/RISC-V/Synthesis/Synthesis.srcs/constrs_1/new/IO_Map.xdc:79]
CRITICAL WARNING: [Common 17-55] 'set_property' expects at least one object. [E:/Study Folder/Engineering/Computer Engineering/Computer Systems/Architectures/Notes/Lab/Codes/RISC-V/Synthesis/Synthesis.srcs/constrs_1/new/IO_Map.xdc:79]
Resolution: If [get_<value>] was used to populate the object, check to make sure this command returns at least one valid object.
WARNING: [Vivado 12-584] No ports matched 'x31[19]'. [E:/Study Folder/Engineering/Computer Engineering/Computer Systems/Architectures/Notes/Lab/Codes/RISC-V/Synthesis/Synthesis.srcs/constrs_1/new/IO_Map.xdc:80]
CRITICAL WARNING: [Common 17-55] 'set_property' expects at least one object. [E:/Study Folder/Engineering/Computer Engineering/Computer Systems/Architectures/Notes/Lab/Codes/RISC-V/Synthesis/Synthesis.srcs/constrs_1/new/IO_Map.xdc:80]
Resolution: If [get_<value>] was used to populate the object, check to make sure this command returns at least one valid object.
WARNING: [Vivado 12-584] No ports matched 'x31[18]'. [E:/Study Folder/Engineering/Computer Engineering/Computer Systems/Architectures/Notes/Lab/Codes/RISC-V/Synthesis/Synthesis.srcs/constrs_1/new/IO_Map.xdc:81]
CRITICAL WARNING: [Common 17-55] 'set_property' expects at least one object. [E:/Study Folder/Engineering/Computer Engineering/Computer Systems/Architectures/Notes/Lab/Codes/RISC-V/Synthesis/Synthesis.srcs/constrs_1/new/IO_Map.xdc:81]
Resolution: If [get_<value>] was used to populate the object, check to make sure this command returns at least one valid object.
WARNING: [Vivado 12-584] No ports matched 'x31[17]'. [E:/Study Folder/Engineering/Computer Engineering/Computer Systems/Architectures/Notes/Lab/Codes/RISC-V/Synthesis/Synthesis.srcs/constrs_1/new/IO_Map.xdc:82]
CRITICAL WARNING: [Common 17-55] 'set_property' expects at least one object. [E:/Study Folder/Engineering/Computer Engineering/Computer Systems/Architectures/Notes/Lab/Codes/RISC-V/Synthesis/Synthesis.srcs/constrs_1/new/IO_Map.xdc:82]
Resolution: If [get_<value>] was used to populate the object, check to make sure this command returns at least one valid object.
WARNING: [Vivado 12-584] No ports matched 'x31[16]'. [E:/Study Folder/Engineering/Computer Engineering/Computer Systems/Architectures/Notes/Lab/Codes/RISC-V/Synthesis/Synthesis.srcs/constrs_1/new/IO_Map.xdc:83]
CRITICAL WARNING: [Common 17-55] 'set_property' expects at least one object. [E:/Study Folder/Engineering/Computer Engineering/Computer Systems/Architectures/Notes/Lab/Codes/RISC-V/Synthesis/Synthesis.srcs/constrs_1/new/IO_Map.xdc:83]
Resolution: If [get_<value>] was used to populate the object, check to make sure this command returns at least one valid object.
WARNING: [Vivado 12-584] No ports matched 'x31[15]'. [E:/Study Folder/Engineering/Computer Engineering/Computer Systems/Architectures/Notes/Lab/Codes/RISC-V/Synthesis/Synthesis.srcs/constrs_1/new/IO_Map.xdc:84]
CRITICAL WARNING: [Common 17-55] 'set_property' expects at least one object. [E:/Study Folder/Engineering/Computer Engineering/Computer Systems/Architectures/Notes/Lab/Codes/RISC-V/Synthesis/Synthesis.srcs/constrs_1/new/IO_Map.xdc:84]
Resolution: If [get_<value>] was used to populate the object, check to make sure this command returns at least one valid object.
WARNING: [Vivado 12-584] No ports matched 'x31[14]'. [E:/Study Folder/Engineering/Computer Engineering/Computer Systems/Architectures/Notes/Lab/Codes/RISC-V/Synthesis/Synthesis.srcs/constrs_1/new/IO_Map.xdc:85]
CRITICAL WARNING: [Common 17-55] 'set_property' expects at least one object. [E:/Study Folder/Engineering/Computer Engineering/Computer Systems/Architectures/Notes/Lab/Codes/RISC-V/Synthesis/Synthesis.srcs/constrs_1/new/IO_Map.xdc:85]
Resolution: If [get_<value>] was used to populate the object, check to make sure this command returns at least one valid object.
WARNING: [Vivado 12-584] No ports matched 'x31[13]'. [E:/Study Folder/Engineering/Computer Engineering/Computer Systems/Architectures/Notes/Lab/Codes/RISC-V/Synthesis/Synthesis.srcs/constrs_1/new/IO_Map.xdc:86]
CRITICAL WARNING: [Common 17-55] 'set_property' expects at least one object. [E:/Study Folder/Engineering/Computer Engineering/Computer Systems/Architectures/Notes/Lab/Codes/RISC-V/Synthesis/Synthesis.srcs/constrs_1/new/IO_Map.xdc:86]
Resolution: If [get_<value>] was used to populate the object, check to make sure this command returns at least one valid object.
WARNING: [Vivado 12-584] No ports matched 'x31[12]'. [E:/Study Folder/Engineering/Computer Engineering/Computer Systems/Architectures/Notes/Lab/Codes/RISC-V/Synthesis/Synthesis.srcs/constrs_1/new/IO_Map.xdc:87]
CRITICAL WARNING: [Common 17-55] 'set_property' expects at least one object. [E:/Study Folder/Engineering/Computer Engineering/Computer Systems/Architectures/Notes/Lab/Codes/RISC-V/Synthesis/Synthesis.srcs/constrs_1/new/IO_Map.xdc:87]
Resolution: If [get_<value>] was used to populate the object, check to make sure this command returns at least one valid object.
WARNING: [Vivado 12-584] No ports matched 'x31[11]'. [E:/Study Folder/Engineering/Computer Engineering/Computer Systems/Architectures/Notes/Lab/Codes/RISC-V/Synthesis/Synthesis.srcs/constrs_1/new/IO_Map.xdc:88]
CRITICAL WARNING: [Common 17-55] 'set_property' expects at least one object. [E:/Study Folder/Engineering/Computer Engineering/Computer Systems/Architectures/Notes/Lab/Codes/RISC-V/Synthesis/Synthesis.srcs/constrs_1/new/IO_Map.xdc:88]
Resolution: If [get_<value>] was used to populate the object, check to make sure this command returns at least one valid object.
WARNING: [Vivado 12-584] No ports matched 'x31[10]'. [E:/Study Folder/Engineering/Computer Engineering/Computer Systems/Architectures/Notes/Lab/Codes/RISC-V/Synthesis/Synthesis.srcs/constrs_1/new/IO_Map.xdc:89]
CRITICAL WARNING: [Common 17-55] 'set_property' expects at least one object. [E:/Study Folder/Engineering/Computer Engineering/Computer Systems/Architectures/Notes/Lab/Codes/RISC-V/Synthesis/Synthesis.srcs/constrs_1/new/IO_Map.xdc:89]
Resolution: If [get_<value>] was used to populate the object, check to make sure this command returns at least one valid object.
WARNING: [Vivado 12-584] No ports matched 'x31[9]'. [E:/Study Folder/Engineering/Computer Engineering/Computer Systems/Architectures/Notes/Lab/Codes/RISC-V/Synthesis/Synthesis.srcs/constrs_1/new/IO_Map.xdc:90]
CRITICAL WARNING: [Common 17-55] 'set_property' expects at least one object. [E:/Study Folder/Engineering/Computer Engineering/Computer Systems/Architectures/Notes/Lab/Codes/RISC-V/Synthesis/Synthesis.srcs/constrs_1/new/IO_Map.xdc:90]
Resolution: If [get_<value>] was used to populate the object, check to make sure this command returns at least one valid object.
WARNING: [Vivado 12-584] No ports matched 'x31[8]'. [E:/Study Folder/Engineering/Computer Engineering/Computer Systems/Architectures/Notes/Lab/Codes/RISC-V/Synthesis/Synthesis.srcs/constrs_1/new/IO_Map.xdc:91]
CRITICAL WARNING: [Common 17-55] 'set_property' expects at least one object. [E:/Study Folder/Engineering/Computer Engineering/Computer Systems/Architectures/Notes/Lab/Codes/RISC-V/Synthesis/Synthesis.srcs/constrs_1/new/IO_Map.xdc:91]
Resolution: If [get_<value>] was used to populate the object, check to make sure this command returns at least one valid object.
WARNING: [Vivado 12-584] No ports matched 'x31[7]'. [E:/Study Folder/Engineering/Computer Engineering/Computer Systems/Architectures/Notes/Lab/Codes/RISC-V/Synthesis/Synthesis.srcs/constrs_1/new/IO_Map.xdc:92]
CRITICAL WARNING: [Common 17-55] 'set_property' expects at least one object. [E:/Study Folder/Engineering/Computer Engineering/Computer Systems/Architectures/Notes/Lab/Codes/RISC-V/Synthesis/Synthesis.srcs/constrs_1/new/IO_Map.xdc:92]
Resolution: If [get_<value>] was used to populate the object, check to make sure this command returns at least one valid object.
WARNING: [Vivado 12-584] No ports matched 'x31[6]'. [E:/Study Folder/Engineering/Computer Engineering/Computer Systems/Architectures/Notes/Lab/Codes/RISC-V/Synthesis/Synthesis.srcs/constrs_1/new/IO_Map.xdc:93]
CRITICAL WARNING: [Common 17-55] 'set_property' expects at least one object. [E:/Study Folder/Engineering/Computer Engineering/Computer Systems/Architectures/Notes/Lab/Codes/RISC-V/Synthesis/Synthesis.srcs/constrs_1/new/IO_Map.xdc:93]
Resolution: If [get_<value>] was used to populate the object, check to make sure this command returns at least one valid object.
WARNING: [Vivado 12-584] No ports matched 'x31[5]'. [E:/Study Folder/Engineering/Computer Engineering/Computer Systems/Architectures/Notes/Lab/Codes/RISC-V/Synthesis/Synthesis.srcs/constrs_1/new/IO_Map.xdc:94]
CRITICAL WARNING: [Common 17-55] 'set_property' expects at least one object. [E:/Study Folder/Engineering/Computer Engineering/Computer Systems/Architectures/Notes/Lab/Codes/RISC-V/Synthesis/Synthesis.srcs/constrs_1/new/IO_Map.xdc:94]
Resolution: If [get_<value>] was used to populate the object, check to make sure this command returns at least one valid object.
WARNING: [Vivado 12-584] No ports matched 'x31[4]'. [E:/Study Folder/Engineering/Computer Engineering/Computer Systems/Architectures/Notes/Lab/Codes/RISC-V/Synthesis/Synthesis.srcs/constrs_1/new/IO_Map.xdc:95]
CRITICAL WARNING: [Common 17-55] 'set_property' expects at least one object. [E:/Study Folder/Engineering/Computer Engineering/Computer Systems/Architectures/Notes/Lab/Codes/RISC-V/Synthesis/Synthesis.srcs/constrs_1/new/IO_Map.xdc:95]
Resolution: If [get_<value>] was used to populate the object, check to make sure this command returns at least one valid object.
WARNING: [Vivado 12-584] No ports matched 'x31[3]'. [E:/Study Folder/Engineering/Computer Engineering/Computer Systems/Architectures/Notes/Lab/Codes/RISC-V/Synthesis/Synthesis.srcs/constrs_1/new/IO_Map.xdc:96]
CRITICAL WARNING: [Common 17-55] 'set_property' expects at least one object. [E:/Study Folder/Engineering/Computer Engineering/Computer Systems/Architectures/Notes/Lab/Codes/RISC-V/Synthesis/Synthesis.srcs/constrs_1/new/IO_Map.xdc:96]
Resolution: If [get_<value>] was used to populate the object, check to make sure this command returns at least one valid object.
WARNING: [Vivado 12-584] No ports matched 'x31[2]'. [E:/Study Folder/Engineering/Computer Engineering/Computer Systems/Architectures/Notes/Lab/Codes/RISC-V/Synthesis/Synthesis.srcs/constrs_1/new/IO_Map.xdc:97]
CRITICAL WARNING: [Common 17-55] 'set_property' expects at least one object. [E:/Study Folder/Engineering/Computer Engineering/Computer Systems/Architectures/Notes/Lab/Codes/RISC-V/Synthesis/Synthesis.srcs/constrs_1/new/IO_Map.xdc:97]
Resolution: If [get_<value>] was used to populate the object, check to make sure this command returns at least one valid object.
WARNING: [Vivado 12-584] No ports matched 'x31[1]'. [E:/Study Folder/Engineering/Computer Engineering/Computer Systems/Architectures/Notes/Lab/Codes/RISC-V/Synthesis/Synthesis.srcs/constrs_1/new/IO_Map.xdc:98]
CRITICAL WARNING: [Common 17-55] 'set_property' expects at least one object. [E:/Study Folder/Engineering/Computer Engineering/Computer Systems/Architectures/Notes/Lab/Codes/RISC-V/Synthesis/Synthesis.srcs/constrs_1/new/IO_Map.xdc:98]
Resolution: If [get_<value>] was used to populate the object, check to make sure this command returns at least one valid object.
WARNING: [Vivado 12-584] No ports matched 'x31[0]'. [E:/Study Folder/Engineering/Computer Engineering/Computer Systems/Architectures/Notes/Lab/Codes/RISC-V/Synthesis/Synthesis.srcs/constrs_1/new/IO_Map.xdc:99]
CRITICAL WARNING: [Common 17-55] 'set_property' expects at least one object. [E:/Study Folder/Engineering/Computer Engineering/Computer Systems/Architectures/Notes/Lab/Codes/RISC-V/Synthesis/Synthesis.srcs/constrs_1/new/IO_Map.xdc:99]
Resolution: If [get_<value>] was used to populate the object, check to make sure this command returns at least one valid object.
Finished Parsing XDC File [E:/Study Folder/Engineering/Computer Engineering/Computer Systems/Architectures/Notes/Lab/Codes/RISC-V/Synthesis/Synthesis.srcs/constrs_1/new/IO_Map.xdc]
Completed Processing XDC Constraints

INFO: [Opt 31-138] Pushed 0 inverter(s) to 0 load pin(s).
INFO: [Project 1-111] Unisim Transformation Summary:
No Unisim elements were transformed.

RTL Elaboration Complete:  : Time (s): cpu = 00:00:26 ; elapsed = 00:00:17 . Memory (MB): peak = 1497.430 ; gain = 501.223
36 Infos, 204 Warnings, 96 Critical Warnings and 0 Errors encountered.
synth_design completed successfully
synth_design: Time (s): cpu = 00:00:26 ; elapsed = 00:00:18 . Memory (MB): peak = 1497.430 ; gain = 501.223
set_property IOSTANDARD LVCMOS33 [get_ports [list {Segout[3]} {Segout[2]} {Segout[1]} {Segout[0]}]]
place_ports {Segout[3]} P14
save_constraints
open_run synth_1 -name synth_1
Design is defaulting to impl run constrset: constrs_1
Design is defaulting to synth run part: xc7a100tcsg324-1
INFO: [Netlist 29-17] Analyzing 46 Unisim elements for replacement
INFO: [Netlist 29-28] Unisim Transformation completed in 0 CPU seconds
INFO: [Project 1-479] Netlist was created with Vivado 2018.2
INFO: [Project 1-570] Preparing netlist for logic optimization
Parsing XDC File [E:/Study Folder/Engineering/Computer Engineering/Computer Systems/Architectures/Notes/Lab/Codes/RISC-V/Synthesis/Synthesis.srcs/constrs_1/new/IO_Map.xdc]
WARNING: [Vivado 12-584] No ports matched 'x1[31]'. [E:/Study Folder/Engineering/Computer Engineering/Computer Systems/Architectures/Notes/Lab/Codes/RISC-V/Synthesis/Synthesis.srcs/constrs_1/new/IO_Map.xdc:4]
CRITICAL WARNING: [Common 17-55] 'set_property' expects at least one object. [E:/Study Folder/Engineering/Computer Engineering/Computer Systems/Architectures/Notes/Lab/Codes/RISC-V/Synthesis/Synthesis.srcs/constrs_1/new/IO_Map.xdc:4]
Resolution: If [get_<value>] was used to populate the object, check to make sure this command returns at least one valid object.
WARNING: [Vivado 12-584] No ports matched 'x1[30]'. [E:/Study Folder/Engineering/Computer Engineering/Computer Systems/Architectures/Notes/Lab/Codes/RISC-V/Synthesis/Synthesis.srcs/constrs_1/new/IO_Map.xdc:5]
CRITICAL WARNING: [Common 17-55] 'set_property' expects at least one object. [E:/Study Folder/Engineering/Computer Engineering/Computer Systems/Architectures/Notes/Lab/Codes/RISC-V/Synthesis/Synthesis.srcs/constrs_1/new/IO_Map.xdc:5]
Resolution: If [get_<value>] was used to populate the object, check to make sure this command returns at least one valid object.
WARNING: [Vivado 12-584] No ports matched 'x1[29]'. [E:/Study Folder/Engineering/Computer Engineering/Computer Systems/Architectures/Notes/Lab/Codes/RISC-V/Synthesis/Synthesis.srcs/constrs_1/new/IO_Map.xdc:6]
CRITICAL WARNING: [Common 17-55] 'set_property' expects at least one object. [E:/Study Folder/Engineering/Computer Engineering/Computer Systems/Architectures/Notes/Lab/Codes/RISC-V/Synthesis/Synthesis.srcs/constrs_1/new/IO_Map.xdc:6]
Resolution: If [get_<value>] was used to populate the object, check to make sure this command returns at least one valid object.
WARNING: [Vivado 12-584] No ports matched 'x1[28]'. [E:/Study Folder/Engineering/Computer Engineering/Computer Systems/Architectures/Notes/Lab/Codes/RISC-V/Synthesis/Synthesis.srcs/constrs_1/new/IO_Map.xdc:7]
INFO: [Common 17-14] Message 'Vivado 12-584' appears 100 times and further instances of the messages will be disabled. Use the Tcl command set_msg_config to change the current settings. [E:/Study Folder/Engineering/Computer Engineering/Computer Systems/Architectures/Notes/Lab/Codes/RISC-V/Synthesis/Synthesis.srcs/constrs_1/new/IO_Map.xdc:7]
CRITICAL WARNING: [Common 17-55] 'set_property' expects at least one object. [E:/Study Folder/Engineering/Computer Engineering/Computer Systems/Architectures/Notes/Lab/Codes/RISC-V/Synthesis/Synthesis.srcs/constrs_1/new/IO_Map.xdc:7]
Resolution: If [get_<value>] was used to populate the object, check to make sure this command returns at least one valid object.
INFO: [Common 17-14] Message 'Common 17-55' appears 100 times and further instances of the messages will be disabled. Use the Tcl command set_msg_config to change the current settings. [E:/Study Folder/Engineering/Computer Engineering/Computer Systems/Architectures/Notes/Lab/Codes/RISC-V/Synthesis/Synthesis.srcs/constrs_1/new/IO_Map.xdc:7]
Finished Parsing XDC File [E:/Study Folder/Engineering/Computer Engineering/Computer Systems/Architectures/Notes/Lab/Codes/RISC-V/Synthesis/Synthesis.srcs/constrs_1/new/IO_Map.xdc]
INFO: [Opt 31-138] Pushed 0 inverter(s) to 0 load pin(s).
INFO: [Project 1-111] Unisim Transformation Summary:
No Unisim elements were transformed.

reset_run synth_1
launch_runs impl_1 -to_step write_bitstream -jobs 4
WARNING: [Project 1-478] Design 'synth_1' is stale and will not be used when launching 'impl_1'
[Thu Apr 17 20:19:56 2025] Launched synth_1...
Run output will be captured here: E:/Study Folder/Engineering/Computer Engineering/Computer Systems/Architectures/Notes/Lab/Codes/RISC-V/Synthesis/Synthesis.runs/synth_1/runme.log
[Thu Apr 17 20:19:57 2025] Launched impl_1...
Run output will be captured here: E:/Study Folder/Engineering/Computer Engineering/Computer Systems/Architectures/Notes/Lab/Codes/RISC-V/Synthesis/Synthesis.runs/impl_1/runme.log
close_design
open_run impl_1
INFO: [Netlist 29-17] Analyzing 46 Unisim elements for replacement
INFO: [Netlist 29-28] Unisim Transformation completed in 0 CPU seconds
INFO: [Project 1-479] Netlist was created with Vivado 2018.2
INFO: [Project 1-570] Preparing netlist for logic optimization
INFO: [Timing 38-478] Restoring timing data from binary archive.
INFO: [Timing 38-479] Binary timing data restore complete.
INFO: [Project 1-856] Restoring constraints from binary archive.
INFO: [Project 1-853] Binary constraint restore complete.
Reading XDEF placement.
Reading placer database...
Reading XDEF routing.
Read XDEF File: Time (s): cpu = 00:00:00 ; elapsed = 00:00:00.085 . Memory (MB): peak = 2131.031 ; gain = 0.000
Restored from archive | CPU: 0.000000 secs | Memory: 0.000000 MB |
Finished XDEF File Restore: Time (s): cpu = 00:00:00 ; elapsed = 00:00:00.085 . Memory (MB): peak = 2131.031 ; gain = 0.000
INFO: [Project 1-111] Unisim Transformation Summary:
No Unisim elements were transformed.

WARNING: [Timing 38-313] There are no user specified timing constraints. Timing constraints are needed for proper timing analysis.
exit
INFO: [Common 17-206] Exiting Vivado at Thu Apr 17 20:24:39 2025...
