#-----------------------------------------------------------
# Vivado v2018.2 (64-bit)
# SW Build 2258646 on Thu Jun 14 20:03:12 MDT 2018
# IP Build 2256618 on Thu Jun 14 22:10:49 MDT 2018
# Start of session at: Thu Apr 17 11:57:16 2025
# Process ID: 14200
# Current directory: E:/Study Folder/Engineering/Computer Engineering/Computer Systems/Architectures/Notes/Lab/Codes/RISC-V/Synthesis
# Command line: vivado.exe -gui_launcher_event rodinguilauncherevent10420 E:\Study Folder\Engineering\Computer Engineering\Computer Systems\Architectures\Notes\Lab\Codes\RISC-V\Synthesis\Synthesis.xpr
# Log file: E:/Study Folder/Engineering/Computer Engineering/Computer Systems/Architectures/Notes/Lab/Codes/RISC-V/Synthesis/vivado.log
# Journal file: E:/Study Folder/Engineering/Computer Engineering/Computer Systems/Architectures/Notes/Lab/Codes/RISC-V/Synthesis\vivado.jou
#-----------------------------------------------------------
start_gui
open_project {E:/Study Folder/Engineering/Computer Engineering/Computer Systems/Architectures/Notes/Lab/Codes/RISC-V/Synthesis/Synthesis.xpr}
INFO: [ProjectBase 1-489] The host OS only allows 260 characters in a normal path. The project is stored in a path with more than 80 characters. If you experience issues with IP, Block Designs, or files not being found, please consider moving the project to a location with a shorter path. Alternately consider using the OS subst command to map part of the path to a drive letter.
Current project path is 'E:/Study Folder/Engineering/Computer Engineering/Computer Systems/Architectures/Notes/Lab/Codes/RISC-V/Synthesis'
Scanning sources...
Finished scanning sources
INFO: [IP_Flow 19-234] Refreshing IP repositories
INFO: [IP_Flow 19-1704] No user IP repositories specified
INFO: [IP_Flow 19-2313] Loaded Vivado IP repository 'E:/Software/Xilinx/Vivado/2018.2/data/ip'.
open_project: Time (s): cpu = 00:00:33 ; elapsed = 00:00:23 . Memory (MB): peak = 856.230 ; gain = 106.297
update_compile_order -fileset sources_1
import_files -norecurse {{E:/Study Folder/Engineering/Computer Engineering/Computer Systems/Architectures/Notes/Lab/Codes/RISC-V/Modules/SSD.sv}}
update_compile_order -fileset sources_1
update_compile_order -fileset sources_1
reset_run synth_1
launch_runs synth_1 -jobs 4
[Thu Apr 17 12:03:35 2025] Launched synth_1...
Run output will be captured here: E:/Study Folder/Engineering/Computer Engineering/Computer Systems/Architectures/Notes/Lab/Codes/RISC-V/Synthesis/Synthesis.runs/synth_1/runme.log
open_run synth_1 -name synth_1
Design is defaulting to impl run constrset: constrs_1
Design is defaulting to synth run part: xc7a100tcsg324-1
INFO: [Netlist 29-17] Analyzing 1 Unisim elements for replacement
INFO: [Netlist 29-28] Unisim Transformation completed in 0 CPU seconds
INFO: [Project 1-479] Netlist was created with Vivado 2018.2
INFO: [Device 21-403] Loading part xc7a100tcsg324-1
INFO: [Project 1-570] Preparing netlist for logic optimization
Parsing XDC File [E:/Study Folder/Engineering/Computer Engineering/Computer Systems/Architectures/Notes/Lab/Codes/RISC-V/Synthesis/Synthesis.srcs/constrs_1/new/IO_Map.xdc]
WARNING: [Vivado 12-584] No ports matched 'x1[31]'. [E:/Study Folder/Engineering/Computer Engineering/Computer Systems/Architectures/Notes/Lab/Codes/RISC-V/Synthesis/Synthesis.srcs/constrs_1/new/IO_Map.xdc:4]
CRITICAL WARNING: [Common 17-55] 'set_property' expects at least one object. [E:/Study Folder/Engineering/Computer Engineering/Computer Systems/Architectures/Notes/Lab/Codes/RISC-V/Synthesis/Synthesis.srcs/constrs_1/new/IO_Map.xdc:4]
Resolution: If [get_<value>] was used to populate the object, check to make sure this command returns at least one valid object.
WARNING: [Vivado 12-584] No ports matched 'x1[30]'. [E:/Study Folder/Engineering/Computer Engineering/Computer Systems/Architectures/Notes/Lab/Codes/RISC-V/Synthesis/Synthesis.srcs/constrs_1/new/IO_Map.xdc:5]
CRITICAL WARNING: [Common 17-55] 'set_property' expects at least one object. [E:/Study Folder/Engineering/Computer Engineering/Computer Systems/Architectures/Notes/Lab/Codes/RISC-V/Synthesis/Synthesis.srcs/constrs_1/new/IO_Map.xdc:5]
Resolution: If [get_<value>] was used to populate the object, check to make sure this command returns at least one valid object.
WARNING: [Vivado 12-584] No ports matched 'x1[29]'. [E:/Study Folder/Engineering/Computer Engineering/Computer Systems/Architectures/Notes/Lab/Codes/RISC-V/Synthesis/Synthesis.srcs/constrs_1/new/IO_Map.xdc:6]
CRITICAL WARNING: [Common 17-55] 'set_property' expects at least one object. [E:/Study Folder/Engineering/Computer Engineering/Computer Systems/Architectures/Notes/Lab/Codes/RISC-V/Synthesis/Synthesis.srcs/constrs_1/new/IO_Map.xdc:6]
Resolution: If [get_<value>] was used to populate the object, check to make sure this command returns at least one valid object.
WARNING: [Vivado 12-584] No ports matched 'x1[28]'. [E:/Study Folder/Engineering/Computer Engineering/Computer Systems/Architectures/Notes/Lab/Codes/RISC-V/Synthesis/Synthesis.srcs/constrs_1/new/IO_Map.xdc:7]
CRITICAL WARNING: [Common 17-55] 'set_property' expects at least one object. [E:/Study Folder/Engineering/Computer Engineering/Computer Systems/Architectures/Notes/Lab/Codes/RISC-V/Synthesis/Synthesis.srcs/constrs_1/new/IO_Map.xdc:7]
Resolution: If [get_<value>] was used to populate the object, check to make sure this command returns at least one valid object.
WARNING: [Vivado 12-584] No ports matched 'x1[27]'. [E:/Study Folder/Engineering/Computer Engineering/Computer Systems/Architectures/Notes/Lab/Codes/RISC-V/Synthesis/Synthesis.srcs/constrs_1/new/IO_Map.xdc:8]
CRITICAL WARNING: [Common 17-55] 'set_property' expects at least one object. [E:/Study Folder/Engineering/Computer Engineering/Computer Systems/Architectures/Notes/Lab/Codes/RISC-V/Synthesis/Synthesis.srcs/constrs_1/new/IO_Map.xdc:8]
Resolution: If [get_<value>] was used to populate the object, check to make sure this command returns at least one valid object.
WARNING: [Vivado 12-584] No ports matched 'x1[26]'. [E:/Study Folder/Engineering/Computer Engineering/Computer Systems/Architectures/Notes/Lab/Codes/RISC-V/Synthesis/Synthesis.srcs/constrs_1/new/IO_Map.xdc:9]
CRITICAL WARNING: [Common 17-55] 'set_property' expects at least one object. [E:/Study Folder/Engineering/Computer Engineering/Computer Systems/Architectures/Notes/Lab/Codes/RISC-V/Synthesis/Synthesis.srcs/constrs_1/new/IO_Map.xdc:9]
Resolution: If [get_<value>] was used to populate the object, check to make sure this command returns at least one valid object.
WARNING: [Vivado 12-584] No ports matched 'x1[25]'. [E:/Study Folder/Engineering/Computer Engineering/Computer Systems/Architectures/Notes/Lab/Codes/RISC-V/Synthesis/Synthesis.srcs/constrs_1/new/IO_Map.xdc:10]
CRITICAL WARNING: [Common 17-55] 'set_property' expects at least one object. [E:/Study Folder/Engineering/Computer Engineering/Computer Systems/Architectures/Notes/Lab/Codes/RISC-V/Synthesis/Synthesis.srcs/constrs_1/new/IO_Map.xdc:10]
Resolution: If [get_<value>] was used to populate the object, check to make sure this command returns at least one valid object.
WARNING: [Vivado 12-584] No ports matched 'x1[24]'. [E:/Study Folder/Engineering/Computer Engineering/Computer Systems/Architectures/Notes/Lab/Codes/RISC-V/Synthesis/Synthesis.srcs/constrs_1/new/IO_Map.xdc:11]
CRITICAL WARNING: [Common 17-55] 'set_property' expects at least one object. [E:/Study Folder/Engineering/Computer Engineering/Computer Systems/Architectures/Notes/Lab/Codes/RISC-V/Synthesis/Synthesis.srcs/constrs_1/new/IO_Map.xdc:11]
Resolution: If [get_<value>] was used to populate the object, check to make sure this command returns at least one valid object.
WARNING: [Vivado 12-584] No ports matched 'x1[23]'. [E:/Study Folder/Engineering/Computer Engineering/Computer Systems/Architectures/Notes/Lab/Codes/RISC-V/Synthesis/Synthesis.srcs/constrs_1/new/IO_Map.xdc:12]
CRITICAL WARNING: [Common 17-55] 'set_property' expects at least one object. [E:/Study Folder/Engineering/Computer Engineering/Computer Systems/Architectures/Notes/Lab/Codes/RISC-V/Synthesis/Synthesis.srcs/constrs_1/new/IO_Map.xdc:12]
Resolution: If [get_<value>] was used to populate the object, check to make sure this command returns at least one valid object.
WARNING: [Vivado 12-584] No ports matched 'x1[22]'. [E:/Study Folder/Engineering/Computer Engineering/Computer Systems/Architectures/Notes/Lab/Codes/RISC-V/Synthesis/Synthesis.srcs/constrs_1/new/IO_Map.xdc:13]
CRITICAL WARNING: [Common 17-55] 'set_property' expects at least one object. [E:/Study Folder/Engineering/Computer Engineering/Computer Systems/Architectures/Notes/Lab/Codes/RISC-V/Synthesis/Synthesis.srcs/constrs_1/new/IO_Map.xdc:13]
Resolution: If [get_<value>] was used to populate the object, check to make sure this command returns at least one valid object.
WARNING: [Vivado 12-584] No ports matched 'x1[21]'. [E:/Study Folder/Engineering/Computer Engineering/Computer Systems/Architectures/Notes/Lab/Codes/RISC-V/Synthesis/Synthesis.srcs/constrs_1/new/IO_Map.xdc:14]
CRITICAL WARNING: [Common 17-55] 'set_property' expects at least one object. [E:/Study Folder/Engineering/Computer Engineering/Computer Systems/Architectures/Notes/Lab/Codes/RISC-V/Synthesis/Synthesis.srcs/constrs_1/new/IO_Map.xdc:14]
Resolution: If [get_<value>] was used to populate the object, check to make sure this command returns at least one valid object.
WARNING: [Vivado 12-584] No ports matched 'x1[20]'. [E:/Study Folder/Engineering/Computer Engineering/Computer Systems/Architectures/Notes/Lab/Codes/RISC-V/Synthesis/Synthesis.srcs/constrs_1/new/IO_Map.xdc:15]
CRITICAL WARNING: [Common 17-55] 'set_property' expects at least one object. [E:/Study Folder/Engineering/Computer Engineering/Computer Systems/Architectures/Notes/Lab/Codes/RISC-V/Synthesis/Synthesis.srcs/constrs_1/new/IO_Map.xdc:15]
Resolution: If [get_<value>] was used to populate the object, check to make sure this command returns at least one valid object.
WARNING: [Vivado 12-584] No ports matched 'x1[19]'. [E:/Study Folder/Engineering/Computer Engineering/Computer Systems/Architectures/Notes/Lab/Codes/RISC-V/Synthesis/Synthesis.srcs/constrs_1/new/IO_Map.xdc:16]
CRITICAL WARNING: [Common 17-55] 'set_property' expects at least one object. [E:/Study Folder/Engineering/Computer Engineering/Computer Systems/Architectures/Notes/Lab/Codes/RISC-V/Synthesis/Synthesis.srcs/constrs_1/new/IO_Map.xdc:16]
Resolution: If [get_<value>] was used to populate the object, check to make sure this command returns at least one valid object.
WARNING: [Vivado 12-584] No ports matched 'x1[18]'. [E:/Study Folder/Engineering/Computer Engineering/Computer Systems/Architectures/Notes/Lab/Codes/RISC-V/Synthesis/Synthesis.srcs/constrs_1/new/IO_Map.xdc:17]
CRITICAL WARNING: [Common 17-55] 'set_property' expects at least one object. [E:/Study Folder/Engineering/Computer Engineering/Computer Systems/Architectures/Notes/Lab/Codes/RISC-V/Synthesis/Synthesis.srcs/constrs_1/new/IO_Map.xdc:17]
Resolution: If [get_<value>] was used to populate the object, check to make sure this command returns at least one valid object.
WARNING: [Vivado 12-584] No ports matched 'x1[17]'. [E:/Study Folder/Engineering/Computer Engineering/Computer Systems/Architectures/Notes/Lab/Codes/RISC-V/Synthesis/Synthesis.srcs/constrs_1/new/IO_Map.xdc:18]
CRITICAL WARNING: [Common 17-55] 'set_property' expects at least one object. [E:/Study Folder/Engineering/Computer Engineering/Computer Systems/Architectures/Notes/Lab/Codes/RISC-V/Synthesis/Synthesis.srcs/constrs_1/new/IO_Map.xdc:18]
Resolution: If [get_<value>] was used to populate the object, check to make sure this command returns at least one valid object.
WARNING: [Vivado 12-584] No ports matched 'x1[16]'. [E:/Study Folder/Engineering/Computer Engineering/Computer Systems/Architectures/Notes/Lab/Codes/RISC-V/Synthesis/Synthesis.srcs/constrs_1/new/IO_Map.xdc:19]
CRITICAL WARNING: [Common 17-55] 'set_property' expects at least one object. [E:/Study Folder/Engineering/Computer Engineering/Computer Systems/Architectures/Notes/Lab/Codes/RISC-V/Synthesis/Synthesis.srcs/constrs_1/new/IO_Map.xdc:19]
Resolution: If [get_<value>] was used to populate the object, check to make sure this command returns at least one valid object.
WARNING: [Vivado 12-584] No ports matched 'x1[15]'. [E:/Study Folder/Engineering/Computer Engineering/Computer Systems/Architectures/Notes/Lab/Codes/RISC-V/Synthesis/Synthesis.srcs/constrs_1/new/IO_Map.xdc:20]
CRITICAL WARNING: [Common 17-55] 'set_property' expects at least one object. [E:/Study Folder/Engineering/Computer Engineering/Computer Systems/Architectures/Notes/Lab/Codes/RISC-V/Synthesis/Synthesis.srcs/constrs_1/new/IO_Map.xdc:20]
Resolution: If [get_<value>] was used to populate the object, check to make sure this command returns at least one valid object.
WARNING: [Vivado 12-584] No ports matched 'x1[14]'. [E:/Study Folder/Engineering/Computer Engineering/Computer Systems/Architectures/Notes/Lab/Codes/RISC-V/Synthesis/Synthesis.srcs/constrs_1/new/IO_Map.xdc:21]
CRITICAL WARNING: [Common 17-55] 'set_property' expects at least one object. [E:/Study Folder/Engineering/Computer Engineering/Computer Systems/Architectures/Notes/Lab/Codes/RISC-V/Synthesis/Synthesis.srcs/constrs_1/new/IO_Map.xdc:21]
Resolution: If [get_<value>] was used to populate the object, check to make sure this command returns at least one valid object.
WARNING: [Vivado 12-584] No ports matched 'x1[13]'. [E:/Study Folder/Engineering/Computer Engineering/Computer Systems/Architectures/Notes/Lab/Codes/RISC-V/Synthesis/Synthesis.srcs/constrs_1/new/IO_Map.xdc:22]
CRITICAL WARNING: [Common 17-55] 'set_property' expects at least one object. [E:/Study Folder/Engineering/Computer Engineering/Computer Systems/Architectures/Notes/Lab/Codes/RISC-V/Synthesis/Synthesis.srcs/constrs_1/new/IO_Map.xdc:22]
Resolution: If [get_<value>] was used to populate the object, check to make sure this command returns at least one valid object.
WARNING: [Vivado 12-584] No ports matched 'x1[12]'. [E:/Study Folder/Engineering/Computer Engineering/Computer Systems/Architectures/Notes/Lab/Codes/RISC-V/Synthesis/Synthesis.srcs/constrs_1/new/IO_Map.xdc:23]
CRITICAL WARNING: [Common 17-55] 'set_property' expects at least one object. [E:/Study Folder/Engineering/Computer Engineering/Computer Systems/Architectures/Notes/Lab/Codes/RISC-V/Synthesis/Synthesis.srcs/constrs_1/new/IO_Map.xdc:23]
Resolution: If [get_<value>] was used to populate the object, check to make sure this command returns at least one valid object.
WARNING: [Vivado 12-584] No ports matched 'x1[11]'. [E:/Study Folder/Engineering/Computer Engineering/Computer Systems/Architectures/Notes/Lab/Codes/RISC-V/Synthesis/Synthesis.srcs/constrs_1/new/IO_Map.xdc:24]
CRITICAL WARNING: [Common 17-55] 'set_property' expects at least one object. [E:/Study Folder/Engineering/Computer Engineering/Computer Systems/Architectures/Notes/Lab/Codes/RISC-V/Synthesis/Synthesis.srcs/constrs_1/new/IO_Map.xdc:24]
Resolution: If [get_<value>] was used to populate the object, check to make sure this command returns at least one valid object.
WARNING: [Vivado 12-584] No ports matched 'x1[10]'. [E:/Study Folder/Engineering/Computer Engineering/Computer Systems/Architectures/Notes/Lab/Codes/RISC-V/Synthesis/Synthesis.srcs/constrs_1/new/IO_Map.xdc:25]
CRITICAL WARNING: [Common 17-55] 'set_property' expects at least one object. [E:/Study Folder/Engineering/Computer Engineering/Computer Systems/Architectures/Notes/Lab/Codes/RISC-V/Synthesis/Synthesis.srcs/constrs_1/new/IO_Map.xdc:25]
Resolution: If [get_<value>] was used to populate the object, check to make sure this command returns at least one valid object.
WARNING: [Vivado 12-584] No ports matched 'x1[9]'. [E:/Study Folder/Engineering/Computer Engineering/Computer Systems/Architectures/Notes/Lab/Codes/RISC-V/Synthesis/Synthesis.srcs/constrs_1/new/IO_Map.xdc:26]
CRITICAL WARNING: [Common 17-55] 'set_property' expects at least one object. [E:/Study Folder/Engineering/Computer Engineering/Computer Systems/Architectures/Notes/Lab/Codes/RISC-V/Synthesis/Synthesis.srcs/constrs_1/new/IO_Map.xdc:26]
Resolution: If [get_<value>] was used to populate the object, check to make sure this command returns at least one valid object.
WARNING: [Vivado 12-584] No ports matched 'x1[8]'. [E:/Study Folder/Engineering/Computer Engineering/Computer Systems/Architectures/Notes/Lab/Codes/RISC-V/Synthesis/Synthesis.srcs/constrs_1/new/IO_Map.xdc:27]
CRITICAL WARNING: [Common 17-55] 'set_property' expects at least one object. [E:/Study Folder/Engineering/Computer Engineering/Computer Systems/Architectures/Notes/Lab/Codes/RISC-V/Synthesis/Synthesis.srcs/constrs_1/new/IO_Map.xdc:27]
Resolution: If [get_<value>] was used to populate the object, check to make sure this command returns at least one valid object.
WARNING: [Vivado 12-584] No ports matched 'x1[7]'. [E:/Study Folder/Engineering/Computer Engineering/Computer Systems/Architectures/Notes/Lab/Codes/RISC-V/Synthesis/Synthesis.srcs/constrs_1/new/IO_Map.xdc:28]
CRITICAL WARNING: [Common 17-55] 'set_property' expects at least one object. [E:/Study Folder/Engineering/Computer Engineering/Computer Systems/Architectures/Notes/Lab/Codes/RISC-V/Synthesis/Synthesis.srcs/constrs_1/new/IO_Map.xdc:28]
Resolution: If [get_<value>] was used to populate the object, check to make sure this command returns at least one valid object.
WARNING: [Vivado 12-584] No ports matched 'x1[6]'. [E:/Study Folder/Engineering/Computer Engineering/Computer Systems/Architectures/Notes/Lab/Codes/RISC-V/Synthesis/Synthesis.srcs/constrs_1/new/IO_Map.xdc:29]
CRITICAL WARNING: [Common 17-55] 'set_property' expects at least one object. [E:/Study Folder/Engineering/Computer Engineering/Computer Systems/Architectures/Notes/Lab/Codes/RISC-V/Synthesis/Synthesis.srcs/constrs_1/new/IO_Map.xdc:29]
Resolution: If [get_<value>] was used to populate the object, check to make sure this command returns at least one valid object.
WARNING: [Vivado 12-584] No ports matched 'x1[5]'. [E:/Study Folder/Engineering/Computer Engineering/Computer Systems/Architectures/Notes/Lab/Codes/RISC-V/Synthesis/Synthesis.srcs/constrs_1/new/IO_Map.xdc:30]
CRITICAL WARNING: [Common 17-55] 'set_property' expects at least one object. [E:/Study Folder/Engineering/Computer Engineering/Computer Systems/Architectures/Notes/Lab/Codes/RISC-V/Synthesis/Synthesis.srcs/constrs_1/new/IO_Map.xdc:30]
Resolution: If [get_<value>] was used to populate the object, check to make sure this command returns at least one valid object.
WARNING: [Vivado 12-584] No ports matched 'x1[4]'. [E:/Study Folder/Engineering/Computer Engineering/Computer Systems/Architectures/Notes/Lab/Codes/RISC-V/Synthesis/Synthesis.srcs/constrs_1/new/IO_Map.xdc:31]
CRITICAL WARNING: [Common 17-55] 'set_property' expects at least one object. [E:/Study Folder/Engineering/Computer Engineering/Computer Systems/Architectures/Notes/Lab/Codes/RISC-V/Synthesis/Synthesis.srcs/constrs_1/new/IO_Map.xdc:31]
Resolution: If [get_<value>] was used to populate the object, check to make sure this command returns at least one valid object.
WARNING: [Vivado 12-584] No ports matched 'x1[3]'. [E:/Study Folder/Engineering/Computer Engineering/Computer Systems/Architectures/Notes/Lab/Codes/RISC-V/Synthesis/Synthesis.srcs/constrs_1/new/IO_Map.xdc:32]
CRITICAL WARNING: [Common 17-55] 'set_property' expects at least one object. [E:/Study Folder/Engineering/Computer Engineering/Computer Systems/Architectures/Notes/Lab/Codes/RISC-V/Synthesis/Synthesis.srcs/constrs_1/new/IO_Map.xdc:32]
Resolution: If [get_<value>] was used to populate the object, check to make sure this command returns at least one valid object.
WARNING: [Vivado 12-584] No ports matched 'x1[2]'. [E:/Study Folder/Engineering/Computer Engineering/Computer Systems/Architectures/Notes/Lab/Codes/RISC-V/Synthesis/Synthesis.srcs/constrs_1/new/IO_Map.xdc:33]
CRITICAL WARNING: [Common 17-55] 'set_property' expects at least one object. [E:/Study Folder/Engineering/Computer Engineering/Computer Systems/Architectures/Notes/Lab/Codes/RISC-V/Synthesis/Synthesis.srcs/constrs_1/new/IO_Map.xdc:33]
Resolution: If [get_<value>] was used to populate the object, check to make sure this command returns at least one valid object.
WARNING: [Vivado 12-584] No ports matched 'x1[1]'. [E:/Study Folder/Engineering/Computer Engineering/Computer Systems/Architectures/Notes/Lab/Codes/RISC-V/Synthesis/Synthesis.srcs/constrs_1/new/IO_Map.xdc:34]
CRITICAL WARNING: [Common 17-55] 'set_property' expects at least one object. [E:/Study Folder/Engineering/Computer Engineering/Computer Systems/Architectures/Notes/Lab/Codes/RISC-V/Synthesis/Synthesis.srcs/constrs_1/new/IO_Map.xdc:34]
Resolution: If [get_<value>] was used to populate the object, check to make sure this command returns at least one valid object.
WARNING: [Vivado 12-584] No ports matched 'x1[0]'. [E:/Study Folder/Engineering/Computer Engineering/Computer Systems/Architectures/Notes/Lab/Codes/RISC-V/Synthesis/Synthesis.srcs/constrs_1/new/IO_Map.xdc:35]
CRITICAL WARNING: [Common 17-55] 'set_property' expects at least one object. [E:/Study Folder/Engineering/Computer Engineering/Computer Systems/Architectures/Notes/Lab/Codes/RISC-V/Synthesis/Synthesis.srcs/constrs_1/new/IO_Map.xdc:35]
Resolution: If [get_<value>] was used to populate the object, check to make sure this command returns at least one valid object.
WARNING: [Vivado 12-584] No ports matched 'x10[31]'. [E:/Study Folder/Engineering/Computer Engineering/Computer Systems/Architectures/Notes/Lab/Codes/RISC-V/Synthesis/Synthesis.srcs/constrs_1/new/IO_Map.xdc:36]
CRITICAL WARNING: [Common 17-55] 'set_property' expects at least one object. [E:/Study Folder/Engineering/Computer Engineering/Computer Systems/Architectures/Notes/Lab/Codes/RISC-V/Synthesis/Synthesis.srcs/constrs_1/new/IO_Map.xdc:36]
Resolution: If [get_<value>] was used to populate the object, check to make sure this command returns at least one valid object.
WARNING: [Vivado 12-584] No ports matched 'x10[30]'. [E:/Study Folder/Engineering/Computer Engineering/Computer Systems/Architectures/Notes/Lab/Codes/RISC-V/Synthesis/Synthesis.srcs/constrs_1/new/IO_Map.xdc:37]
CRITICAL WARNING: [Common 17-55] 'set_property' expects at least one object. [E:/Study Folder/Engineering/Computer Engineering/Computer Systems/Architectures/Notes/Lab/Codes/RISC-V/Synthesis/Synthesis.srcs/constrs_1/new/IO_Map.xdc:37]
Resolution: If [get_<value>] was used to populate the object, check to make sure this command returns at least one valid object.
WARNING: [Vivado 12-584] No ports matched 'x10[29]'. [E:/Study Folder/Engineering/Computer Engineering/Computer Systems/Architectures/Notes/Lab/Codes/RISC-V/Synthesis/Synthesis.srcs/constrs_1/new/IO_Map.xdc:38]
CRITICAL WARNING: [Common 17-55] 'set_property' expects at least one object. [E:/Study Folder/Engineering/Computer Engineering/Computer Systems/Architectures/Notes/Lab/Codes/RISC-V/Synthesis/Synthesis.srcs/constrs_1/new/IO_Map.xdc:38]
Resolution: If [get_<value>] was used to populate the object, check to make sure this command returns at least one valid object.
WARNING: [Vivado 12-584] No ports matched 'x10[28]'. [E:/Study Folder/Engineering/Computer Engineering/Computer Systems/Architectures/Notes/Lab/Codes/RISC-V/Synthesis/Synthesis.srcs/constrs_1/new/IO_Map.xdc:39]
CRITICAL WARNING: [Common 17-55] 'set_property' expects at least one object. [E:/Study Folder/Engineering/Computer Engineering/Computer Systems/Architectures/Notes/Lab/Codes/RISC-V/Synthesis/Synthesis.srcs/constrs_1/new/IO_Map.xdc:39]
Resolution: If [get_<value>] was used to populate the object, check to make sure this command returns at least one valid object.
WARNING: [Vivado 12-584] No ports matched 'x10[27]'. [E:/Study Folder/Engineering/Computer Engineering/Computer Systems/Architectures/Notes/Lab/Codes/RISC-V/Synthesis/Synthesis.srcs/constrs_1/new/IO_Map.xdc:40]
CRITICAL WARNING: [Common 17-55] 'set_property' expects at least one object. [E:/Study Folder/Engineering/Computer Engineering/Computer Systems/Architectures/Notes/Lab/Codes/RISC-V/Synthesis/Synthesis.srcs/constrs_1/new/IO_Map.xdc:40]
Resolution: If [get_<value>] was used to populate the object, check to make sure this command returns at least one valid object.
WARNING: [Vivado 12-584] No ports matched 'x10[26]'. [E:/Study Folder/Engineering/Computer Engineering/Computer Systems/Architectures/Notes/Lab/Codes/RISC-V/Synthesis/Synthesis.srcs/constrs_1/new/IO_Map.xdc:41]
CRITICAL WARNING: [Common 17-55] 'set_property' expects at least one object. [E:/Study Folder/Engineering/Computer Engineering/Computer Systems/Architectures/Notes/Lab/Codes/RISC-V/Synthesis/Synthesis.srcs/constrs_1/new/IO_Map.xdc:41]
Resolution: If [get_<value>] was used to populate the object, check to make sure this command returns at least one valid object.
WARNING: [Vivado 12-584] No ports matched 'x10[25]'. [E:/Study Folder/Engineering/Computer Engineering/Computer Systems/Architectures/Notes/Lab/Codes/RISC-V/Synthesis/Synthesis.srcs/constrs_1/new/IO_Map.xdc:42]
CRITICAL WARNING: [Common 17-55] 'set_property' expects at least one object. [E:/Study Folder/Engineering/Computer Engineering/Computer Systems/Architectures/Notes/Lab/Codes/RISC-V/Synthesis/Synthesis.srcs/constrs_1/new/IO_Map.xdc:42]
Resolution: If [get_<value>] was used to populate the object, check to make sure this command returns at least one valid object.
WARNING: [Vivado 12-584] No ports matched 'x10[24]'. [E:/Study Folder/Engineering/Computer Engineering/Computer Systems/Architectures/Notes/Lab/Codes/RISC-V/Synthesis/Synthesis.srcs/constrs_1/new/IO_Map.xdc:43]
CRITICAL WARNING: [Common 17-55] 'set_property' expects at least one object. [E:/Study Folder/Engineering/Computer Engineering/Computer Systems/Architectures/Notes/Lab/Codes/RISC-V/Synthesis/Synthesis.srcs/constrs_1/new/IO_Map.xdc:43]
Resolution: If [get_<value>] was used to populate the object, check to make sure this command returns at least one valid object.
WARNING: [Vivado 12-584] No ports matched 'x10[23]'. [E:/Study Folder/Engineering/Computer Engineering/Computer Systems/Architectures/Notes/Lab/Codes/RISC-V/Synthesis/Synthesis.srcs/constrs_1/new/IO_Map.xdc:44]
CRITICAL WARNING: [Common 17-55] 'set_property' expects at least one object. [E:/Study Folder/Engineering/Computer Engineering/Computer Systems/Architectures/Notes/Lab/Codes/RISC-V/Synthesis/Synthesis.srcs/constrs_1/new/IO_Map.xdc:44]
Resolution: If [get_<value>] was used to populate the object, check to make sure this command returns at least one valid object.
WARNING: [Vivado 12-584] No ports matched 'x10[22]'. [E:/Study Folder/Engineering/Computer Engineering/Computer Systems/Architectures/Notes/Lab/Codes/RISC-V/Synthesis/Synthesis.srcs/constrs_1/new/IO_Map.xdc:45]
CRITICAL WARNING: [Common 17-55] 'set_property' expects at least one object. [E:/Study Folder/Engineering/Computer Engineering/Computer Systems/Architectures/Notes/Lab/Codes/RISC-V/Synthesis/Synthesis.srcs/constrs_1/new/IO_Map.xdc:45]
Resolution: If [get_<value>] was used to populate the object, check to make sure this command returns at least one valid object.
WARNING: [Vivado 12-584] No ports matched 'x10[21]'. [E:/Study Folder/Engineering/Computer Engineering/Computer Systems/Architectures/Notes/Lab/Codes/RISC-V/Synthesis/Synthesis.srcs/constrs_1/new/IO_Map.xdc:46]
CRITICAL WARNING: [Common 17-55] 'set_property' expects at least one object. [E:/Study Folder/Engineering/Computer Engineering/Computer Systems/Architectures/Notes/Lab/Codes/RISC-V/Synthesis/Synthesis.srcs/constrs_1/new/IO_Map.xdc:46]
Resolution: If [get_<value>] was used to populate the object, check to make sure this command returns at least one valid object.
WARNING: [Vivado 12-584] No ports matched 'x10[20]'. [E:/Study Folder/Engineering/Computer Engineering/Computer Systems/Architectures/Notes/Lab/Codes/RISC-V/Synthesis/Synthesis.srcs/constrs_1/new/IO_Map.xdc:47]
CRITICAL WARNING: [Common 17-55] 'set_property' expects at least one object. [E:/Study Folder/Engineering/Computer Engineering/Computer Systems/Architectures/Notes/Lab/Codes/RISC-V/Synthesis/Synthesis.srcs/constrs_1/new/IO_Map.xdc:47]
Resolution: If [get_<value>] was used to populate the object, check to make sure this command returns at least one valid object.
WARNING: [Vivado 12-584] No ports matched 'x10[19]'. [E:/Study Folder/Engineering/Computer Engineering/Computer Systems/Architectures/Notes/Lab/Codes/RISC-V/Synthesis/Synthesis.srcs/constrs_1/new/IO_Map.xdc:48]
CRITICAL WARNING: [Common 17-55] 'set_property' expects at least one object. [E:/Study Folder/Engineering/Computer Engineering/Computer Systems/Architectures/Notes/Lab/Codes/RISC-V/Synthesis/Synthesis.srcs/constrs_1/new/IO_Map.xdc:48]
Resolution: If [get_<value>] was used to populate the object, check to make sure this command returns at least one valid object.
WARNING: [Vivado 12-584] No ports matched 'x10[18]'. [E:/Study Folder/Engineering/Computer Engineering/Computer Systems/Architectures/Notes/Lab/Codes/RISC-V/Synthesis/Synthesis.srcs/constrs_1/new/IO_Map.xdc:49]
CRITICAL WARNING: [Common 17-55] 'set_property' expects at least one object. [E:/Study Folder/Engineering/Computer Engineering/Computer Systems/Architectures/Notes/Lab/Codes/RISC-V/Synthesis/Synthesis.srcs/constrs_1/new/IO_Map.xdc:49]
Resolution: If [get_<value>] was used to populate the object, check to make sure this command returns at least one valid object.
WARNING: [Vivado 12-584] No ports matched 'x10[17]'. [E:/Study Folder/Engineering/Computer Engineering/Computer Systems/Architectures/Notes/Lab/Codes/RISC-V/Synthesis/Synthesis.srcs/constrs_1/new/IO_Map.xdc:50]
CRITICAL WARNING: [Common 17-55] 'set_property' expects at least one object. [E:/Study Folder/Engineering/Computer Engineering/Computer Systems/Architectures/Notes/Lab/Codes/RISC-V/Synthesis/Synthesis.srcs/constrs_1/new/IO_Map.xdc:50]
Resolution: If [get_<value>] was used to populate the object, check to make sure this command returns at least one valid object.
WARNING: [Vivado 12-584] No ports matched 'x10[16]'. [E:/Study Folder/Engineering/Computer Engineering/Computer Systems/Architectures/Notes/Lab/Codes/RISC-V/Synthesis/Synthesis.srcs/constrs_1/new/IO_Map.xdc:51]
CRITICAL WARNING: [Common 17-55] 'set_property' expects at least one object. [E:/Study Folder/Engineering/Computer Engineering/Computer Systems/Architectures/Notes/Lab/Codes/RISC-V/Synthesis/Synthesis.srcs/constrs_1/new/IO_Map.xdc:51]
Resolution: If [get_<value>] was used to populate the object, check to make sure this command returns at least one valid object.
WARNING: [Vivado 12-584] No ports matched 'x10[15]'. [E:/Study Folder/Engineering/Computer Engineering/Computer Systems/Architectures/Notes/Lab/Codes/RISC-V/Synthesis/Synthesis.srcs/constrs_1/new/IO_Map.xdc:52]
CRITICAL WARNING: [Common 17-55] 'set_property' expects at least one object. [E:/Study Folder/Engineering/Computer Engineering/Computer Systems/Architectures/Notes/Lab/Codes/RISC-V/Synthesis/Synthesis.srcs/constrs_1/new/IO_Map.xdc:52]
Resolution: If [get_<value>] was used to populate the object, check to make sure this command returns at least one valid object.
WARNING: [Vivado 12-584] No ports matched 'x10[14]'. [E:/Study Folder/Engineering/Computer Engineering/Computer Systems/Architectures/Notes/Lab/Codes/RISC-V/Synthesis/Synthesis.srcs/constrs_1/new/IO_Map.xdc:53]
CRITICAL WARNING: [Common 17-55] 'set_property' expects at least one object. [E:/Study Folder/Engineering/Computer Engineering/Computer Systems/Architectures/Notes/Lab/Codes/RISC-V/Synthesis/Synthesis.srcs/constrs_1/new/IO_Map.xdc:53]
Resolution: If [get_<value>] was used to populate the object, check to make sure this command returns at least one valid object.
WARNING: [Vivado 12-584] No ports matched 'x10[13]'. [E:/Study Folder/Engineering/Computer Engineering/Computer Systems/Architectures/Notes/Lab/Codes/RISC-V/Synthesis/Synthesis.srcs/constrs_1/new/IO_Map.xdc:54]
CRITICAL WARNING: [Common 17-55] 'set_property' expects at least one object. [E:/Study Folder/Engineering/Computer Engineering/Computer Systems/Architectures/Notes/Lab/Codes/RISC-V/Synthesis/Synthesis.srcs/constrs_1/new/IO_Map.xdc:54]
Resolution: If [get_<value>] was used to populate the object, check to make sure this command returns at least one valid object.
WARNING: [Vivado 12-584] No ports matched 'x10[12]'. [E:/Study Folder/Engineering/Computer Engineering/Computer Systems/Architectures/Notes/Lab/Codes/RISC-V/Synthesis/Synthesis.srcs/constrs_1/new/IO_Map.xdc:55]
CRITICAL WARNING: [Common 17-55] 'set_property' expects at least one object. [E:/Study Folder/Engineering/Computer Engineering/Computer Systems/Architectures/Notes/Lab/Codes/RISC-V/Synthesis/Synthesis.srcs/constrs_1/new/IO_Map.xdc:55]
Resolution: If [get_<value>] was used to populate the object, check to make sure this command returns at least one valid object.
WARNING: [Vivado 12-584] No ports matched 'x10[11]'. [E:/Study Folder/Engineering/Computer Engineering/Computer Systems/Architectures/Notes/Lab/Codes/RISC-V/Synthesis/Synthesis.srcs/constrs_1/new/IO_Map.xdc:56]
CRITICAL WARNING: [Common 17-55] 'set_property' expects at least one object. [E:/Study Folder/Engineering/Computer Engineering/Computer Systems/Architectures/Notes/Lab/Codes/RISC-V/Synthesis/Synthesis.srcs/constrs_1/new/IO_Map.xdc:56]
Resolution: If [get_<value>] was used to populate the object, check to make sure this command returns at least one valid object.
WARNING: [Vivado 12-584] No ports matched 'x10[10]'. [E:/Study Folder/Engineering/Computer Engineering/Computer Systems/Architectures/Notes/Lab/Codes/RISC-V/Synthesis/Synthesis.srcs/constrs_1/new/IO_Map.xdc:57]
CRITICAL WARNING: [Common 17-55] 'set_property' expects at least one object. [E:/Study Folder/Engineering/Computer Engineering/Computer Systems/Architectures/Notes/Lab/Codes/RISC-V/Synthesis/Synthesis.srcs/constrs_1/new/IO_Map.xdc:57]
Resolution: If [get_<value>] was used to populate the object, check to make sure this command returns at least one valid object.
WARNING: [Vivado 12-584] No ports matched 'x10[9]'. [E:/Study Folder/Engineering/Computer Engineering/Computer Systems/Architectures/Notes/Lab/Codes/RISC-V/Synthesis/Synthesis.srcs/constrs_1/new/IO_Map.xdc:58]
CRITICAL WARNING: [Common 17-55] 'set_property' expects at least one object. [E:/Study Folder/Engineering/Computer Engineering/Computer Systems/Architectures/Notes/Lab/Codes/RISC-V/Synthesis/Synthesis.srcs/constrs_1/new/IO_Map.xdc:58]
Resolution: If [get_<value>] was used to populate the object, check to make sure this command returns at least one valid object.
WARNING: [Vivado 12-584] No ports matched 'x10[8]'. [E:/Study Folder/Engineering/Computer Engineering/Computer Systems/Architectures/Notes/Lab/Codes/RISC-V/Synthesis/Synthesis.srcs/constrs_1/new/IO_Map.xdc:59]
CRITICAL WARNING: [Common 17-55] 'set_property' expects at least one object. [E:/Study Folder/Engineering/Computer Engineering/Computer Systems/Architectures/Notes/Lab/Codes/RISC-V/Synthesis/Synthesis.srcs/constrs_1/new/IO_Map.xdc:59]
Resolution: If [get_<value>] was used to populate the object, check to make sure this command returns at least one valid object.
WARNING: [Vivado 12-584] No ports matched 'x10[7]'. [E:/Study Folder/Engineering/Computer Engineering/Computer Systems/Architectures/Notes/Lab/Codes/RISC-V/Synthesis/Synthesis.srcs/constrs_1/new/IO_Map.xdc:60]
CRITICAL WARNING: [Common 17-55] 'set_property' expects at least one object. [E:/Study Folder/Engineering/Computer Engineering/Computer Systems/Architectures/Notes/Lab/Codes/RISC-V/Synthesis/Synthesis.srcs/constrs_1/new/IO_Map.xdc:60]
Resolution: If [get_<value>] was used to populate the object, check to make sure this command returns at least one valid object.
WARNING: [Vivado 12-584] No ports matched 'x10[6]'. [E:/Study Folder/Engineering/Computer Engineering/Computer Systems/Architectures/Notes/Lab/Codes/RISC-V/Synthesis/Synthesis.srcs/constrs_1/new/IO_Map.xdc:61]
CRITICAL WARNING: [Common 17-55] 'set_property' expects at least one object. [E:/Study Folder/Engineering/Computer Engineering/Computer Systems/Architectures/Notes/Lab/Codes/RISC-V/Synthesis/Synthesis.srcs/constrs_1/new/IO_Map.xdc:61]
Resolution: If [get_<value>] was used to populate the object, check to make sure this command returns at least one valid object.
WARNING: [Vivado 12-584] No ports matched 'x10[5]'. [E:/Study Folder/Engineering/Computer Engineering/Computer Systems/Architectures/Notes/Lab/Codes/RISC-V/Synthesis/Synthesis.srcs/constrs_1/new/IO_Map.xdc:62]
CRITICAL WARNING: [Common 17-55] 'set_property' expects at least one object. [E:/Study Folder/Engineering/Computer Engineering/Computer Systems/Architectures/Notes/Lab/Codes/RISC-V/Synthesis/Synthesis.srcs/constrs_1/new/IO_Map.xdc:62]
Resolution: If [get_<value>] was used to populate the object, check to make sure this command returns at least one valid object.
WARNING: [Vivado 12-584] No ports matched 'x10[4]'. [E:/Study Folder/Engineering/Computer Engineering/Computer Systems/Architectures/Notes/Lab/Codes/RISC-V/Synthesis/Synthesis.srcs/constrs_1/new/IO_Map.xdc:63]
CRITICAL WARNING: [Common 17-55] 'set_property' expects at least one object. [E:/Study Folder/Engineering/Computer Engineering/Computer Systems/Architectures/Notes/Lab/Codes/RISC-V/Synthesis/Synthesis.srcs/constrs_1/new/IO_Map.xdc:63]
Resolution: If [get_<value>] was used to populate the object, check to make sure this command returns at least one valid object.
WARNING: [Vivado 12-584] No ports matched 'x10[3]'. [E:/Study Folder/Engineering/Computer Engineering/Computer Systems/Architectures/Notes/Lab/Codes/RISC-V/Synthesis/Synthesis.srcs/constrs_1/new/IO_Map.xdc:64]
CRITICAL WARNING: [Common 17-55] 'set_property' expects at least one object. [E:/Study Folder/Engineering/Computer Engineering/Computer Systems/Architectures/Notes/Lab/Codes/RISC-V/Synthesis/Synthesis.srcs/constrs_1/new/IO_Map.xdc:64]
Resolution: If [get_<value>] was used to populate the object, check to make sure this command returns at least one valid object.
WARNING: [Vivado 12-584] No ports matched 'x10[2]'. [E:/Study Folder/Engineering/Computer Engineering/Computer Systems/Architectures/Notes/Lab/Codes/RISC-V/Synthesis/Synthesis.srcs/constrs_1/new/IO_Map.xdc:65]
CRITICAL WARNING: [Common 17-55] 'set_property' expects at least one object. [E:/Study Folder/Engineering/Computer Engineering/Computer Systems/Architectures/Notes/Lab/Codes/RISC-V/Synthesis/Synthesis.srcs/constrs_1/new/IO_Map.xdc:65]
Resolution: If [get_<value>] was used to populate the object, check to make sure this command returns at least one valid object.
WARNING: [Vivado 12-584] No ports matched 'x10[1]'. [E:/Study Folder/Engineering/Computer Engineering/Computer Systems/Architectures/Notes/Lab/Codes/RISC-V/Synthesis/Synthesis.srcs/constrs_1/new/IO_Map.xdc:66]
CRITICAL WARNING: [Common 17-55] 'set_property' expects at least one object. [E:/Study Folder/Engineering/Computer Engineering/Computer Systems/Architectures/Notes/Lab/Codes/RISC-V/Synthesis/Synthesis.srcs/constrs_1/new/IO_Map.xdc:66]
Resolution: If [get_<value>] was used to populate the object, check to make sure this command returns at least one valid object.
WARNING: [Vivado 12-584] No ports matched 'x10[0]'. [E:/Study Folder/Engineering/Computer Engineering/Computer Systems/Architectures/Notes/Lab/Codes/RISC-V/Synthesis/Synthesis.srcs/constrs_1/new/IO_Map.xdc:67]
CRITICAL WARNING: [Common 17-55] 'set_property' expects at least one object. [E:/Study Folder/Engineering/Computer Engineering/Computer Systems/Architectures/Notes/Lab/Codes/RISC-V/Synthesis/Synthesis.srcs/constrs_1/new/IO_Map.xdc:67]
Resolution: If [get_<value>] was used to populate the object, check to make sure this command returns at least one valid object.
WARNING: [Vivado 12-584] No ports matched 'x31[31]'. [E:/Study Folder/Engineering/Computer Engineering/Computer Systems/Architectures/Notes/Lab/Codes/RISC-V/Synthesis/Synthesis.srcs/constrs_1/new/IO_Map.xdc:68]
CRITICAL WARNING: [Common 17-55] 'set_property' expects at least one object. [E:/Study Folder/Engineering/Computer Engineering/Computer Systems/Architectures/Notes/Lab/Codes/RISC-V/Synthesis/Synthesis.srcs/constrs_1/new/IO_Map.xdc:68]
Resolution: If [get_<value>] was used to populate the object, check to make sure this command returns at least one valid object.
WARNING: [Vivado 12-584] No ports matched 'x31[30]'. [E:/Study Folder/Engineering/Computer Engineering/Computer Systems/Architectures/Notes/Lab/Codes/RISC-V/Synthesis/Synthesis.srcs/constrs_1/new/IO_Map.xdc:69]
CRITICAL WARNING: [Common 17-55] 'set_property' expects at least one object. [E:/Study Folder/Engineering/Computer Engineering/Computer Systems/Architectures/Notes/Lab/Codes/RISC-V/Synthesis/Synthesis.srcs/constrs_1/new/IO_Map.xdc:69]
Resolution: If [get_<value>] was used to populate the object, check to make sure this command returns at least one valid object.
WARNING: [Vivado 12-584] No ports matched 'x31[29]'. [E:/Study Folder/Engineering/Computer Engineering/Computer Systems/Architectures/Notes/Lab/Codes/RISC-V/Synthesis/Synthesis.srcs/constrs_1/new/IO_Map.xdc:70]
CRITICAL WARNING: [Common 17-55] 'set_property' expects at least one object. [E:/Study Folder/Engineering/Computer Engineering/Computer Systems/Architectures/Notes/Lab/Codes/RISC-V/Synthesis/Synthesis.srcs/constrs_1/new/IO_Map.xdc:70]
Resolution: If [get_<value>] was used to populate the object, check to make sure this command returns at least one valid object.
WARNING: [Vivado 12-584] No ports matched 'x31[28]'. [E:/Study Folder/Engineering/Computer Engineering/Computer Systems/Architectures/Notes/Lab/Codes/RISC-V/Synthesis/Synthesis.srcs/constrs_1/new/IO_Map.xdc:71]
CRITICAL WARNING: [Common 17-55] 'set_property' expects at least one object. [E:/Study Folder/Engineering/Computer Engineering/Computer Systems/Architectures/Notes/Lab/Codes/RISC-V/Synthesis/Synthesis.srcs/constrs_1/new/IO_Map.xdc:71]
Resolution: If [get_<value>] was used to populate the object, check to make sure this command returns at least one valid object.
WARNING: [Vivado 12-584] No ports matched 'x31[27]'. [E:/Study Folder/Engineering/Computer Engineering/Computer Systems/Architectures/Notes/Lab/Codes/RISC-V/Synthesis/Synthesis.srcs/constrs_1/new/IO_Map.xdc:72]
CRITICAL WARNING: [Common 17-55] 'set_property' expects at least one object. [E:/Study Folder/Engineering/Computer Engineering/Computer Systems/Architectures/Notes/Lab/Codes/RISC-V/Synthesis/Synthesis.srcs/constrs_1/new/IO_Map.xdc:72]
Resolution: If [get_<value>] was used to populate the object, check to make sure this command returns at least one valid object.
WARNING: [Vivado 12-584] No ports matched 'x31[26]'. [E:/Study Folder/Engineering/Computer Engineering/Computer Systems/Architectures/Notes/Lab/Codes/RISC-V/Synthesis/Synthesis.srcs/constrs_1/new/IO_Map.xdc:73]
CRITICAL WARNING: [Common 17-55] 'set_property' expects at least one object. [E:/Study Folder/Engineering/Computer Engineering/Computer Systems/Architectures/Notes/Lab/Codes/RISC-V/Synthesis/Synthesis.srcs/constrs_1/new/IO_Map.xdc:73]
Resolution: If [get_<value>] was used to populate the object, check to make sure this command returns at least one valid object.
WARNING: [Vivado 12-584] No ports matched 'x31[25]'. [E:/Study Folder/Engineering/Computer Engineering/Computer Systems/Architectures/Notes/Lab/Codes/RISC-V/Synthesis/Synthesis.srcs/constrs_1/new/IO_Map.xdc:74]
CRITICAL WARNING: [Common 17-55] 'set_property' expects at least one object. [E:/Study Folder/Engineering/Computer Engineering/Computer Systems/Architectures/Notes/Lab/Codes/RISC-V/Synthesis/Synthesis.srcs/constrs_1/new/IO_Map.xdc:74]
Resolution: If [get_<value>] was used to populate the object, check to make sure this command returns at least one valid object.
WARNING: [Vivado 12-584] No ports matched 'x31[24]'. [E:/Study Folder/Engineering/Computer Engineering/Computer Systems/Architectures/Notes/Lab/Codes/RISC-V/Synthesis/Synthesis.srcs/constrs_1/new/IO_Map.xdc:75]
CRITICAL WARNING: [Common 17-55] 'set_property' expects at least one object. [E:/Study Folder/Engineering/Computer Engineering/Computer Systems/Architectures/Notes/Lab/Codes/RISC-V/Synthesis/Synthesis.srcs/constrs_1/new/IO_Map.xdc:75]
Resolution: If [get_<value>] was used to populate the object, check to make sure this command returns at least one valid object.
WARNING: [Vivado 12-584] No ports matched 'x31[23]'. [E:/Study Folder/Engineering/Computer Engineering/Computer Systems/Architectures/Notes/Lab/Codes/RISC-V/Synthesis/Synthesis.srcs/constrs_1/new/IO_Map.xdc:76]
CRITICAL WARNING: [Common 17-55] 'set_property' expects at least one object. [E:/Study Folder/Engineering/Computer Engineering/Computer Systems/Architectures/Notes/Lab/Codes/RISC-V/Synthesis/Synthesis.srcs/constrs_1/new/IO_Map.xdc:76]
Resolution: If [get_<value>] was used to populate the object, check to make sure this command returns at least one valid object.
WARNING: [Vivado 12-584] No ports matched 'x31[22]'. [E:/Study Folder/Engineering/Computer Engineering/Computer Systems/Architectures/Notes/Lab/Codes/RISC-V/Synthesis/Synthesis.srcs/constrs_1/new/IO_Map.xdc:77]
CRITICAL WARNING: [Common 17-55] 'set_property' expects at least one object. [E:/Study Folder/Engineering/Computer Engineering/Computer Systems/Architectures/Notes/Lab/Codes/RISC-V/Synthesis/Synthesis.srcs/constrs_1/new/IO_Map.xdc:77]
Resolution: If [get_<value>] was used to populate the object, check to make sure this command returns at least one valid object.
WARNING: [Vivado 12-584] No ports matched 'x31[21]'. [E:/Study Folder/Engineering/Computer Engineering/Computer Systems/Architectures/Notes/Lab/Codes/RISC-V/Synthesis/Synthesis.srcs/constrs_1/new/IO_Map.xdc:78]
CRITICAL WARNING: [Common 17-55] 'set_property' expects at least one object. [E:/Study Folder/Engineering/Computer Engineering/Computer Systems/Architectures/Notes/Lab/Codes/RISC-V/Synthesis/Synthesis.srcs/constrs_1/new/IO_Map.xdc:78]
Resolution: If [get_<value>] was used to populate the object, check to make sure this command returns at least one valid object.
WARNING: [Vivado 12-584] No ports matched 'x31[20]'. [E:/Study Folder/Engineering/Computer Engineering/Computer Systems/Architectures/Notes/Lab/Codes/RISC-V/Synthesis/Synthesis.srcs/constrs_1/new/IO_Map.xdc:79]
CRITICAL WARNING: [Common 17-55] 'set_property' expects at least one object. [E:/Study Folder/Engineering/Computer Engineering/Computer Systems/Architectures/Notes/Lab/Codes/RISC-V/Synthesis/Synthesis.srcs/constrs_1/new/IO_Map.xdc:79]
Resolution: If [get_<value>] was used to populate the object, check to make sure this command returns at least one valid object.
WARNING: [Vivado 12-584] No ports matched 'x31[19]'. [E:/Study Folder/Engineering/Computer Engineering/Computer Systems/Architectures/Notes/Lab/Codes/RISC-V/Synthesis/Synthesis.srcs/constrs_1/new/IO_Map.xdc:80]
CRITICAL WARNING: [Common 17-55] 'set_property' expects at least one object. [E:/Study Folder/Engineering/Computer Engineering/Computer Systems/Architectures/Notes/Lab/Codes/RISC-V/Synthesis/Synthesis.srcs/constrs_1/new/IO_Map.xdc:80]
Resolution: If [get_<value>] was used to populate the object, check to make sure this command returns at least one valid object.
WARNING: [Vivado 12-584] No ports matched 'x31[18]'. [E:/Study Folder/Engineering/Computer Engineering/Computer Systems/Architectures/Notes/Lab/Codes/RISC-V/Synthesis/Synthesis.srcs/constrs_1/new/IO_Map.xdc:81]
CRITICAL WARNING: [Common 17-55] 'set_property' expects at least one object. [E:/Study Folder/Engineering/Computer Engineering/Computer Systems/Architectures/Notes/Lab/Codes/RISC-V/Synthesis/Synthesis.srcs/constrs_1/new/IO_Map.xdc:81]
Resolution: If [get_<value>] was used to populate the object, check to make sure this command returns at least one valid object.
WARNING: [Vivado 12-584] No ports matched 'x31[17]'. [E:/Study Folder/Engineering/Computer Engineering/Computer Systems/Architectures/Notes/Lab/Codes/RISC-V/Synthesis/Synthesis.srcs/constrs_1/new/IO_Map.xdc:82]
CRITICAL WARNING: [Common 17-55] 'set_property' expects at least one object. [E:/Study Folder/Engineering/Computer Engineering/Computer Systems/Architectures/Notes/Lab/Codes/RISC-V/Synthesis/Synthesis.srcs/constrs_1/new/IO_Map.xdc:82]
Resolution: If [get_<value>] was used to populate the object, check to make sure this command returns at least one valid object.
WARNING: [Vivado 12-584] No ports matched 'x31[16]'. [E:/Study Folder/Engineering/Computer Engineering/Computer Systems/Architectures/Notes/Lab/Codes/RISC-V/Synthesis/Synthesis.srcs/constrs_1/new/IO_Map.xdc:83]
CRITICAL WARNING: [Common 17-55] 'set_property' expects at least one object. [E:/Study Folder/Engineering/Computer Engineering/Computer Systems/Architectures/Notes/Lab/Codes/RISC-V/Synthesis/Synthesis.srcs/constrs_1/new/IO_Map.xdc:83]
Resolution: If [get_<value>] was used to populate the object, check to make sure this command returns at least one valid object.
WARNING: [Vivado 12-584] No ports matched 'x31[15]'. [E:/Study Folder/Engineering/Computer Engineering/Computer Systems/Architectures/Notes/Lab/Codes/RISC-V/Synthesis/Synthesis.srcs/constrs_1/new/IO_Map.xdc:84]
CRITICAL WARNING: [Common 17-55] 'set_property' expects at least one object. [E:/Study Folder/Engineering/Computer Engineering/Computer Systems/Architectures/Notes/Lab/Codes/RISC-V/Synthesis/Synthesis.srcs/constrs_1/new/IO_Map.xdc:84]
Resolution: If [get_<value>] was used to populate the object, check to make sure this command returns at least one valid object.
WARNING: [Vivado 12-584] No ports matched 'x31[14]'. [E:/Study Folder/Engineering/Computer Engineering/Computer Systems/Architectures/Notes/Lab/Codes/RISC-V/Synthesis/Synthesis.srcs/constrs_1/new/IO_Map.xdc:85]
CRITICAL WARNING: [Common 17-55] 'set_property' expects at least one object. [E:/Study Folder/Engineering/Computer Engineering/Computer Systems/Architectures/Notes/Lab/Codes/RISC-V/Synthesis/Synthesis.srcs/constrs_1/new/IO_Map.xdc:85]
Resolution: If [get_<value>] was used to populate the object, check to make sure this command returns at least one valid object.
WARNING: [Vivado 12-584] No ports matched 'x31[13]'. [E:/Study Folder/Engineering/Computer Engineering/Computer Systems/Architectures/Notes/Lab/Codes/RISC-V/Synthesis/Synthesis.srcs/constrs_1/new/IO_Map.xdc:86]
CRITICAL WARNING: [Common 17-55] 'set_property' expects at least one object. [E:/Study Folder/Engineering/Computer Engineering/Computer Systems/Architectures/Notes/Lab/Codes/RISC-V/Synthesis/Synthesis.srcs/constrs_1/new/IO_Map.xdc:86]
Resolution: If [get_<value>] was used to populate the object, check to make sure this command returns at least one valid object.
WARNING: [Vivado 12-584] No ports matched 'x31[12]'. [E:/Study Folder/Engineering/Computer Engineering/Computer Systems/Architectures/Notes/Lab/Codes/RISC-V/Synthesis/Synthesis.srcs/constrs_1/new/IO_Map.xdc:87]
CRITICAL WARNING: [Common 17-55] 'set_property' expects at least one object. [E:/Study Folder/Engineering/Computer Engineering/Computer Systems/Architectures/Notes/Lab/Codes/RISC-V/Synthesis/Synthesis.srcs/constrs_1/new/IO_Map.xdc:87]
Resolution: If [get_<value>] was used to populate the object, check to make sure this command returns at least one valid object.
WARNING: [Vivado 12-584] No ports matched 'x31[11]'. [E:/Study Folder/Engineering/Computer Engineering/Computer Systems/Architectures/Notes/Lab/Codes/RISC-V/Synthesis/Synthesis.srcs/constrs_1/new/IO_Map.xdc:88]
CRITICAL WARNING: [Common 17-55] 'set_property' expects at least one object. [E:/Study Folder/Engineering/Computer Engineering/Computer Systems/Architectures/Notes/Lab/Codes/RISC-V/Synthesis/Synthesis.srcs/constrs_1/new/IO_Map.xdc:88]
Resolution: If [get_<value>] was used to populate the object, check to make sure this command returns at least one valid object.
WARNING: [Vivado 12-584] No ports matched 'x31[10]'. [E:/Study Folder/Engineering/Computer Engineering/Computer Systems/Architectures/Notes/Lab/Codes/RISC-V/Synthesis/Synthesis.srcs/constrs_1/new/IO_Map.xdc:89]
CRITICAL WARNING: [Common 17-55] 'set_property' expects at least one object. [E:/Study Folder/Engineering/Computer Engineering/Computer Systems/Architectures/Notes/Lab/Codes/RISC-V/Synthesis/Synthesis.srcs/constrs_1/new/IO_Map.xdc:89]
Resolution: If [get_<value>] was used to populate the object, check to make sure this command returns at least one valid object.
WARNING: [Vivado 12-584] No ports matched 'x31[9]'. [E:/Study Folder/Engineering/Computer Engineering/Computer Systems/Architectures/Notes/Lab/Codes/RISC-V/Synthesis/Synthesis.srcs/constrs_1/new/IO_Map.xdc:90]
CRITICAL WARNING: [Common 17-55] 'set_property' expects at least one object. [E:/Study Folder/Engineering/Computer Engineering/Computer Systems/Architectures/Notes/Lab/Codes/RISC-V/Synthesis/Synthesis.srcs/constrs_1/new/IO_Map.xdc:90]
Resolution: If [get_<value>] was used to populate the object, check to make sure this command returns at least one valid object.
WARNING: [Vivado 12-584] No ports matched 'x31[8]'. [E:/Study Folder/Engineering/Computer Engineering/Computer Systems/Architectures/Notes/Lab/Codes/RISC-V/Synthesis/Synthesis.srcs/constrs_1/new/IO_Map.xdc:91]
CRITICAL WARNING: [Common 17-55] 'set_property' expects at least one object. [E:/Study Folder/Engineering/Computer Engineering/Computer Systems/Architectures/Notes/Lab/Codes/RISC-V/Synthesis/Synthesis.srcs/constrs_1/new/IO_Map.xdc:91]
Resolution: If [get_<value>] was used to populate the object, check to make sure this command returns at least one valid object.
WARNING: [Vivado 12-584] No ports matched 'x31[7]'. [E:/Study Folder/Engineering/Computer Engineering/Computer Systems/Architectures/Notes/Lab/Codes/RISC-V/Synthesis/Synthesis.srcs/constrs_1/new/IO_Map.xdc:92]
CRITICAL WARNING: [Common 17-55] 'set_property' expects at least one object. [E:/Study Folder/Engineering/Computer Engineering/Computer Systems/Architectures/Notes/Lab/Codes/RISC-V/Synthesis/Synthesis.srcs/constrs_1/new/IO_Map.xdc:92]
Resolution: If [get_<value>] was used to populate the object, check to make sure this command returns at least one valid object.
WARNING: [Vivado 12-584] No ports matched 'x31[6]'. [E:/Study Folder/Engineering/Computer Engineering/Computer Systems/Architectures/Notes/Lab/Codes/RISC-V/Synthesis/Synthesis.srcs/constrs_1/new/IO_Map.xdc:93]
CRITICAL WARNING: [Common 17-55] 'set_property' expects at least one object. [E:/Study Folder/Engineering/Computer Engineering/Computer Systems/Architectures/Notes/Lab/Codes/RISC-V/Synthesis/Synthesis.srcs/constrs_1/new/IO_Map.xdc:93]
Resolution: If [get_<value>] was used to populate the object, check to make sure this command returns at least one valid object.
WARNING: [Vivado 12-584] No ports matched 'x31[5]'. [E:/Study Folder/Engineering/Computer Engineering/Computer Systems/Architectures/Notes/Lab/Codes/RISC-V/Synthesis/Synthesis.srcs/constrs_1/new/IO_Map.xdc:94]
CRITICAL WARNING: [Common 17-55] 'set_property' expects at least one object. [E:/Study Folder/Engineering/Computer Engineering/Computer Systems/Architectures/Notes/Lab/Codes/RISC-V/Synthesis/Synthesis.srcs/constrs_1/new/IO_Map.xdc:94]
Resolution: If [get_<value>] was used to populate the object, check to make sure this command returns at least one valid object.
WARNING: [Vivado 12-584] No ports matched 'x31[4]'. [E:/Study Folder/Engineering/Computer Engineering/Computer Systems/Architectures/Notes/Lab/Codes/RISC-V/Synthesis/Synthesis.srcs/constrs_1/new/IO_Map.xdc:95]
CRITICAL WARNING: [Common 17-55] 'set_property' expects at least one object. [E:/Study Folder/Engineering/Computer Engineering/Computer Systems/Architectures/Notes/Lab/Codes/RISC-V/Synthesis/Synthesis.srcs/constrs_1/new/IO_Map.xdc:95]
Resolution: If [get_<value>] was used to populate the object, check to make sure this command returns at least one valid object.
WARNING: [Vivado 12-584] No ports matched 'x31[3]'. [E:/Study Folder/Engineering/Computer Engineering/Computer Systems/Architectures/Notes/Lab/Codes/RISC-V/Synthesis/Synthesis.srcs/constrs_1/new/IO_Map.xdc:96]
CRITICAL WARNING: [Common 17-55] 'set_property' expects at least one object. [E:/Study Folder/Engineering/Computer Engineering/Computer Systems/Architectures/Notes/Lab/Codes/RISC-V/Synthesis/Synthesis.srcs/constrs_1/new/IO_Map.xdc:96]
Resolution: If [get_<value>] was used to populate the object, check to make sure this command returns at least one valid object.
WARNING: [Vivado 12-584] No ports matched 'x31[2]'. [E:/Study Folder/Engineering/Computer Engineering/Computer Systems/Architectures/Notes/Lab/Codes/RISC-V/Synthesis/Synthesis.srcs/constrs_1/new/IO_Map.xdc:97]
CRITICAL WARNING: [Common 17-55] 'set_property' expects at least one object. [E:/Study Folder/Engineering/Computer Engineering/Computer Systems/Architectures/Notes/Lab/Codes/RISC-V/Synthesis/Synthesis.srcs/constrs_1/new/IO_Map.xdc:97]
Resolution: If [get_<value>] was used to populate the object, check to make sure this command returns at least one valid object.
WARNING: [Vivado 12-584] No ports matched 'x31[1]'. [E:/Study Folder/Engineering/Computer Engineering/Computer Systems/Architectures/Notes/Lab/Codes/RISC-V/Synthesis/Synthesis.srcs/constrs_1/new/IO_Map.xdc:98]
CRITICAL WARNING: [Common 17-55] 'set_property' expects at least one object. [E:/Study Folder/Engineering/Computer Engineering/Computer Systems/Architectures/Notes/Lab/Codes/RISC-V/Synthesis/Synthesis.srcs/constrs_1/new/IO_Map.xdc:98]
Resolution: If [get_<value>] was used to populate the object, check to make sure this command returns at least one valid object.
WARNING: [Vivado 12-584] No ports matched 'x31[0]'. [E:/Study Folder/Engineering/Computer Engineering/Computer Systems/Architectures/Notes/Lab/Codes/RISC-V/Synthesis/Synthesis.srcs/constrs_1/new/IO_Map.xdc:99]
CRITICAL WARNING: [Common 17-55] 'set_property' expects at least one object. [E:/Study Folder/Engineering/Computer Engineering/Computer Systems/Architectures/Notes/Lab/Codes/RISC-V/Synthesis/Synthesis.srcs/constrs_1/new/IO_Map.xdc:99]
Resolution: If [get_<value>] was used to populate the object, check to make sure this command returns at least one valid object.
Finished Parsing XDC File [E:/Study Folder/Engineering/Computer Engineering/Computer Systems/Architectures/Notes/Lab/Codes/RISC-V/Synthesis/Synthesis.srcs/constrs_1/new/IO_Map.xdc]
INFO: [Opt 31-138] Pushed 0 inverter(s) to 0 load pin(s).
INFO: [Project 1-111] Unisim Transformation Summary:
No Unisim elements were transformed.

open_run: Time (s): cpu = 00:00:28 ; elapsed = 00:00:18 . Memory (MB): peak = 1325.500 ; gain = 406.527
reset_run synth_1
launch_runs synth_1 -jobs 4
[Thu Apr 17 12:08:13 2025] Launched synth_1...
Run output will be captured here: E:/Study Folder/Engineering/Computer Engineering/Computer Systems/Architectures/Notes/Lab/Codes/RISC-V/Synthesis/Synthesis.runs/synth_1/runme.log
exit
INFO: [Common 17-206] Exiting Vivado at Thu Apr 17 17:58:20 2025...
